   0  $accept : %entry% $end

   1  input : inputs File_end

   2  inputs :
   3         | inputs Module Id LB1 parameters RB1 LB3 var_decl init_decl trans_decl RB3
   4         | inputs Module Id LB1 parameters RB1 LB3 var_decl symbol_decl init_decl trans_decl RB3
   5         | inputs Model Id LB1 parameters RB1 LB3 var_decl init_decl trans_decl atomic_decl spec_decl RB3
   6         | inputs Model Id LB1 parameters RB1 LB3 var_decl symbol_decl init_decl trans_decl atomic_decl spec_decl RB3
   7         | inputs Model Id LB1 parameters RB1 LB3 var_decl init_decl trans_decl atomic_decl fairness_decl spec_decl RB3
   8         | inputs Model Id LB1 parameters RB1 LB3 var_decl symbol_decl init_decl trans_decl atomic_decl fairness_decl spec_decl RB3

   9  parameters :
  10             | Id Colon expr_type
  11             | Id Colon expr_type Comma parameters

  12  expr_type : LB1 I DotDot I RB1
  13            | Bool
  14            | LB3 scalars RB3
  15            | Id

  16  scalars :
  17          | Scalar Id
  18          | Scalar Id Comma scalars

  19  var_decl : Var LB3 vars RB3

  20  vars :
  21       | Id Colon expr_type Semicolon vars
  22       | Id Colon expr_type LB2 exp RB2 Semicolon vars

  23  symbol_decl : Define LB3 symbols RB3

  24  symbols :
  25          | symbols Id Assigno dexp Semicolon

  26  dexp : I
  27       | B
  28       | Id
  29       | Id LB2 dexp RB2
  30       | dnested_var
  31       | Scalar Id
  32       | Minus dexp
  33       | Nego dexp
  34       | dexp Equal dexp
  35       | dexp Non_equal dexp
  36       | dexp Ando dexp
  37       | dexp Oro dexp
  38       | dexp Add dexp
  39       | dexp Minus dexp
  40       | dexp Mult dexp
  41       | dexp Mod dexp
  42       | dexp LT dexp
  43       | dexp GT dexp
  44       | dexp LE dexp
  45       | dexp GE dexp
  46       | LB1 dexp RB1

  47  dnested_var : Id Dot Id
  48              | Id LB2 dexp RB2 Dot Id
  49              | Id Dot Id LB2 dexp RB2
  50              | Id LB2 dexp RB2 Dot Id LB2 dexp RB2
  51              | Id Dot dnested_var
  52              | Id LB2 dexp RB2 Dot dnested_var
  53              | LB1 dnested_var RB1

  54  init_decl : Init LB3 inis RB3

  55  inis :
  56       | Id Assigno exp Semicolon inis
  57       | Id Assigno LB3 exps RB3 Semicolon inis
  58       | Id Assigno Id LB1 exps RB1 Semicolon inis

  59  exps :
  60       | exp
  61       | exp Comma exps

  62  exp : I
  63      | B
  64      | Id
  65      | Id LB2 exp RB2
  66      | Id LB1 exp RB1
  67      | nested_var
  68      | Scalar Id
  69      | Minus exp
  70      | Nego exp
  71      | exp Equal exp
  72      | exp Non_equal exp
  73      | exp Ando exp
  74      | exp Oro exp
  75      | exp Add exp
  76      | exp Minus exp
  77      | exp Mult exp
  78      | exp Mod exp
  79      | exp LT exp
  80      | exp GT exp
  81      | exp LE exp
  82      | exp GE exp
  83      | LB1 exp RB1

  84  nested_var : Id Dot Id
  85             | Id LB2 exp RB2 Dot Id
  86             | Id Dot Id LB2 exp RB2
  87             | Id LB2 exp RB2 Dot Id LB2 exp RB2
  88             | Id Dot nested_var
  89             | Id LB2 exp RB2 Dot nested_var

  90  trans_decl : Transition LB3 trans RB3

  91  trans :
  92        | exp Colon LB3 rests RB3 Semicolon trans

  93  rests :
  94        | Id Assigno exp Semicolon rests
  95        | Id LB2 exp RB2 Assigno exp Semicolon rests

  96  fairness_decl : Fairness LB3 fairness RB3

  97  fairness :
  98           | Id LB1 Id RB1 Semicolon fairness
  99           | fml Semicolon fairness

 100  atomic_decl : Atomic LB3 atomics RB3

 101  atomics :
 102          | atomics Id LB1 bound_var RB1 Assigno exp Semicolon

 103  bound_var : bound_vars

 104  bound_vars :
 105             | Id
 106             | Id Comma bound_vars

 107  spec_decl : Spec LB3 specs RB3

 108  specs :
 109        | Id Assigno fml Semicolon specs

 110  fml : Top
 111      | Bottom
 112      | Id LB1 atom_fml_para RB1
 113      | Neg fml
 114      | fml And fml
 115      | fml Or fml
 116      | AX LB1 Id Comma fml Comma Id RB1
 117      | EX LB1 Id Comma fml Comma Id RB1
 118      | AF LB1 Id Comma fml Comma Id RB1
 119      | EG LB1 Id Comma fml Comma Id RB1
 120      | AR LB1 Id Comma Id Comma fml Comma fml Comma Id RB1
 121      | EU LB1 Id Comma Id Comma fml Comma fml Comma Id RB1
 122      | LB1 fml RB1

 123  atom_fml_para :
 124                | Id
 125                | Id Comma atom_fml_para

 126  %entry% : '\001' input

state 0
	$accept : . %entry% $end  (0)

	'\001'  shift 1
	.  error

	%entry%  goto 2


state 1
	%entry% : '\001' . input  (126)
	inputs : .  (2)

	.  reduce 2

	input  goto 3
	inputs  goto 4


state 2
	$accept : %entry% . $end  (0)

	$end  accept


state 3
	%entry% : '\001' input .  (126)

	.  reduce 126


state 4
	input : inputs . File_end  (1)
	inputs : inputs . Module Id LB1 parameters RB1 LB3 var_decl init_decl trans_decl RB3  (3)
	inputs : inputs . Module Id LB1 parameters RB1 LB3 var_decl symbol_decl init_decl trans_decl RB3  (4)
	inputs : inputs . Model Id LB1 parameters RB1 LB3 var_decl init_decl trans_decl atomic_decl spec_decl RB3  (5)
	inputs : inputs . Model Id LB1 parameters RB1 LB3 var_decl symbol_decl init_decl trans_decl atomic_decl spec_decl RB3  (6)
	inputs : inputs . Model Id LB1 parameters RB1 LB3 var_decl init_decl trans_decl atomic_decl fairness_decl spec_decl RB3  (7)
	inputs : inputs . Model Id LB1 parameters RB1 LB3 var_decl symbol_decl init_decl trans_decl atomic_decl fairness_decl spec_decl RB3  (8)

	Module  shift 5
	Model  shift 6
	File_end  shift 7
	.  error


state 5
	inputs : inputs Module . Id LB1 parameters RB1 LB3 var_decl init_decl trans_decl RB3  (3)
	inputs : inputs Module . Id LB1 parameters RB1 LB3 var_decl symbol_decl init_decl trans_decl RB3  (4)

	Id  shift 8
	.  error


state 6
	inputs : inputs Model . Id LB1 parameters RB1 LB3 var_decl init_decl trans_decl atomic_decl spec_decl RB3  (5)
	inputs : inputs Model . Id LB1 parameters RB1 LB3 var_decl symbol_decl init_decl trans_decl atomic_decl spec_decl RB3  (6)
	inputs : inputs Model . Id LB1 parameters RB1 LB3 var_decl init_decl trans_decl atomic_decl fairness_decl spec_decl RB3  (7)
	inputs : inputs Model . Id LB1 parameters RB1 LB3 var_decl symbol_decl init_decl trans_decl atomic_decl fairness_decl spec_decl RB3  (8)

	Id  shift 9
	.  error


state 7
	input : inputs File_end .  (1)

	.  reduce 1


state 8
	inputs : inputs Module Id . LB1 parameters RB1 LB3 var_decl init_decl trans_decl RB3  (3)
	inputs : inputs Module Id . LB1 parameters RB1 LB3 var_decl symbol_decl init_decl trans_decl RB3  (4)

	LB1  shift 10
	.  error


state 9
	inputs : inputs Model Id . LB1 parameters RB1 LB3 var_decl init_decl trans_decl atomic_decl spec_decl RB3  (5)
	inputs : inputs Model Id . LB1 parameters RB1 LB3 var_decl symbol_decl init_decl trans_decl atomic_decl spec_decl RB3  (6)
	inputs : inputs Model Id . LB1 parameters RB1 LB3 var_decl init_decl trans_decl atomic_decl fairness_decl spec_decl RB3  (7)
	inputs : inputs Model Id . LB1 parameters RB1 LB3 var_decl symbol_decl init_decl trans_decl atomic_decl fairness_decl spec_decl RB3  (8)

	LB1  shift 11
	.  error


state 10
	inputs : inputs Module Id LB1 . parameters RB1 LB3 var_decl init_decl trans_decl RB3  (3)
	inputs : inputs Module Id LB1 . parameters RB1 LB3 var_decl symbol_decl init_decl trans_decl RB3  (4)
	parameters : .  (9)

	Id  shift 12
	RB1  reduce 9

	parameters  goto 13


state 11
	inputs : inputs Model Id LB1 . parameters RB1 LB3 var_decl init_decl trans_decl atomic_decl spec_decl RB3  (5)
	inputs : inputs Model Id LB1 . parameters RB1 LB3 var_decl symbol_decl init_decl trans_decl atomic_decl spec_decl RB3  (6)
	inputs : inputs Model Id LB1 . parameters RB1 LB3 var_decl init_decl trans_decl atomic_decl fairness_decl spec_decl RB3  (7)
	inputs : inputs Model Id LB1 . parameters RB1 LB3 var_decl symbol_decl init_decl trans_decl atomic_decl fairness_decl spec_decl RB3  (8)
	parameters : .  (9)

	Id  shift 12
	RB1  reduce 9

	parameters  goto 14


state 12
	parameters : Id . Colon expr_type  (10)
	parameters : Id . Colon expr_type Comma parameters  (11)

	Colon  shift 15
	.  error


state 13
	inputs : inputs Module Id LB1 parameters . RB1 LB3 var_decl init_decl trans_decl RB3  (3)
	inputs : inputs Module Id LB1 parameters . RB1 LB3 var_decl symbol_decl init_decl trans_decl RB3  (4)

	RB1  shift 16
	.  error


state 14
	inputs : inputs Model Id LB1 parameters . RB1 LB3 var_decl init_decl trans_decl atomic_decl spec_decl RB3  (5)
	inputs : inputs Model Id LB1 parameters . RB1 LB3 var_decl symbol_decl init_decl trans_decl atomic_decl spec_decl RB3  (6)
	inputs : inputs Model Id LB1 parameters . RB1 LB3 var_decl init_decl trans_decl atomic_decl fairness_decl spec_decl RB3  (7)
	inputs : inputs Model Id LB1 parameters . RB1 LB3 var_decl symbol_decl init_decl trans_decl atomic_decl fairness_decl spec_decl RB3  (8)

	RB1  shift 17
	.  error


state 15
	parameters : Id Colon . expr_type  (10)
	parameters : Id Colon . expr_type Comma parameters  (11)

	Bool  shift 18
	LB1  shift 19
	LB3  shift 20
	Id  shift 21
	.  error

	expr_type  goto 22


state 16
	inputs : inputs Module Id LB1 parameters RB1 . LB3 var_decl init_decl trans_decl RB3  (3)
	inputs : inputs Module Id LB1 parameters RB1 . LB3 var_decl symbol_decl init_decl trans_decl RB3  (4)

	LB3  shift 23
	.  error


state 17
	inputs : inputs Model Id LB1 parameters RB1 . LB3 var_decl init_decl trans_decl atomic_decl spec_decl RB3  (5)
	inputs : inputs Model Id LB1 parameters RB1 . LB3 var_decl symbol_decl init_decl trans_decl atomic_decl spec_decl RB3  (6)
	inputs : inputs Model Id LB1 parameters RB1 . LB3 var_decl init_decl trans_decl atomic_decl fairness_decl spec_decl RB3  (7)
	inputs : inputs Model Id LB1 parameters RB1 . LB3 var_decl symbol_decl init_decl trans_decl atomic_decl fairness_decl spec_decl RB3  (8)

	LB3  shift 24
	.  error


state 18
	expr_type : Bool .  (13)

	.  reduce 13


state 19
	expr_type : LB1 . I DotDot I RB1  (12)

	I  shift 25
	.  error


state 20
	expr_type : LB3 . scalars RB3  (14)
	scalars : .  (16)

	Scalar  shift 26
	RB3  reduce 16

	scalars  goto 27


state 21
	expr_type : Id .  (15)

	.  reduce 15


state 22
	parameters : Id Colon expr_type .  (10)
	parameters : Id Colon expr_type . Comma parameters  (11)

	Comma  shift 28
	RB1  reduce 10


state 23
	inputs : inputs Module Id LB1 parameters RB1 LB3 . var_decl init_decl trans_decl RB3  (3)
	inputs : inputs Module Id LB1 parameters RB1 LB3 . var_decl symbol_decl init_decl trans_decl RB3  (4)

	Var  shift 29
	.  error

	var_decl  goto 30


state 24
	inputs : inputs Model Id LB1 parameters RB1 LB3 . var_decl init_decl trans_decl atomic_decl spec_decl RB3  (5)
	inputs : inputs Model Id LB1 parameters RB1 LB3 . var_decl symbol_decl init_decl trans_decl atomic_decl spec_decl RB3  (6)
	inputs : inputs Model Id LB1 parameters RB1 LB3 . var_decl init_decl trans_decl atomic_decl fairness_decl spec_decl RB3  (7)
	inputs : inputs Model Id LB1 parameters RB1 LB3 . var_decl symbol_decl init_decl trans_decl atomic_decl fairness_decl spec_decl RB3  (8)

	Var  shift 29
	.  error

	var_decl  goto 31


state 25
	expr_type : LB1 I . DotDot I RB1  (12)

	DotDot  shift 32
	.  error


state 26
	scalars : Scalar . Id  (17)
	scalars : Scalar . Id Comma scalars  (18)

	Id  shift 33
	.  error


state 27
	expr_type : LB3 scalars . RB3  (14)

	RB3  shift 34
	.  error


state 28
	parameters : Id Colon expr_type Comma . parameters  (11)
	parameters : .  (9)

	Id  shift 12
	RB1  reduce 9

	parameters  goto 35


state 29
	var_decl : Var . LB3 vars RB3  (19)

	LB3  shift 36
	.  error


state 30
	inputs : inputs Module Id LB1 parameters RB1 LB3 var_decl . init_decl trans_decl RB3  (3)
	inputs : inputs Module Id LB1 parameters RB1 LB3 var_decl . symbol_decl init_decl trans_decl RB3  (4)

	Define  shift 37
	Init  shift 38
	.  error

	init_decl  goto 39
	symbol_decl  goto 40


state 31
	inputs : inputs Model Id LB1 parameters RB1 LB3 var_decl . init_decl trans_decl atomic_decl spec_decl RB3  (5)
	inputs : inputs Model Id LB1 parameters RB1 LB3 var_decl . symbol_decl init_decl trans_decl atomic_decl spec_decl RB3  (6)
	inputs : inputs Model Id LB1 parameters RB1 LB3 var_decl . init_decl trans_decl atomic_decl fairness_decl spec_decl RB3  (7)
	inputs : inputs Model Id LB1 parameters RB1 LB3 var_decl . symbol_decl init_decl trans_decl atomic_decl fairness_decl spec_decl RB3  (8)

	Define  shift 37
	Init  shift 38
	.  error

	init_decl  goto 41
	symbol_decl  goto 42


state 32
	expr_type : LB1 I DotDot . I RB1  (12)

	I  shift 43
	.  error


state 33
	scalars : Scalar Id .  (17)
	scalars : Scalar Id . Comma scalars  (18)

	Comma  shift 44
	RB3  reduce 17


state 34
	expr_type : LB3 scalars RB3 .  (14)

	.  reduce 14


state 35
	parameters : Id Colon expr_type Comma parameters .  (11)

	.  reduce 11


state 36
	var_decl : Var LB3 . vars RB3  (19)
	vars : .  (20)

	Id  shift 45
	RB3  reduce 20

	vars  goto 46


state 37
	symbol_decl : Define . LB3 symbols RB3  (23)

	LB3  shift 47
	.  error


state 38
	init_decl : Init . LB3 inis RB3  (54)

	LB3  shift 48
	.  error


state 39
	inputs : inputs Module Id LB1 parameters RB1 LB3 var_decl init_decl . trans_decl RB3  (3)

	Transition  shift 49
	.  error

	trans_decl  goto 50


state 40
	inputs : inputs Module Id LB1 parameters RB1 LB3 var_decl symbol_decl . init_decl trans_decl RB3  (4)

	Init  shift 38
	.  error

	init_decl  goto 51


state 41
	inputs : inputs Model Id LB1 parameters RB1 LB3 var_decl init_decl . trans_decl atomic_decl spec_decl RB3  (5)
	inputs : inputs Model Id LB1 parameters RB1 LB3 var_decl init_decl . trans_decl atomic_decl fairness_decl spec_decl RB3  (7)

	Transition  shift 49
	.  error

	trans_decl  goto 52


state 42
	inputs : inputs Model Id LB1 parameters RB1 LB3 var_decl symbol_decl . init_decl trans_decl atomic_decl spec_decl RB3  (6)
	inputs : inputs Model Id LB1 parameters RB1 LB3 var_decl symbol_decl . init_decl trans_decl atomic_decl fairness_decl spec_decl RB3  (8)

	Init  shift 38
	.  error

	init_decl  goto 53


state 43
	expr_type : LB1 I DotDot I . RB1  (12)

	RB1  shift 54
	.  error


state 44
	scalars : Scalar Id Comma . scalars  (18)
	scalars : .  (16)

	Scalar  shift 26
	RB3  reduce 16

	scalars  goto 55


state 45
	vars : Id . Colon expr_type Semicolon vars  (21)
	vars : Id . Colon expr_type LB2 exp RB2 Semicolon vars  (22)

	Colon  shift 56
	.  error


state 46
	var_decl : Var LB3 vars . RB3  (19)

	RB3  shift 57
	.  error


state 47
	symbol_decl : Define LB3 . symbols RB3  (23)
	symbols : .  (24)

	.  reduce 24

	symbols  goto 58


state 48
	init_decl : Init LB3 . inis RB3  (54)
	inis : .  (55)

	Id  shift 59
	RB3  reduce 55

	inis  goto 60


state 49
	trans_decl : Transition . LB3 trans RB3  (90)

	LB3  shift 61
	.  error


state 50
	inputs : inputs Module Id LB1 parameters RB1 LB3 var_decl init_decl trans_decl . RB3  (3)

	RB3  shift 62
	.  error


state 51
	inputs : inputs Module Id LB1 parameters RB1 LB3 var_decl symbol_decl init_decl . trans_decl RB3  (4)

	Transition  shift 49
	.  error

	trans_decl  goto 63


state 52
	inputs : inputs Model Id LB1 parameters RB1 LB3 var_decl init_decl trans_decl . atomic_decl spec_decl RB3  (5)
	inputs : inputs Model Id LB1 parameters RB1 LB3 var_decl init_decl trans_decl . atomic_decl fairness_decl spec_decl RB3  (7)

	Atomic  shift 64
	.  error

	atomic_decl  goto 65


state 53
	inputs : inputs Model Id LB1 parameters RB1 LB3 var_decl symbol_decl init_decl . trans_decl atomic_decl spec_decl RB3  (6)
	inputs : inputs Model Id LB1 parameters RB1 LB3 var_decl symbol_decl init_decl . trans_decl atomic_decl fairness_decl spec_decl RB3  (8)

	Transition  shift 49
	.  error

	trans_decl  goto 66


state 54
	expr_type : LB1 I DotDot I RB1 .  (12)

	.  reduce 12


state 55
	scalars : Scalar Id Comma scalars .  (18)

	.  reduce 18


state 56
	vars : Id Colon . expr_type Semicolon vars  (21)
	vars : Id Colon . expr_type LB2 exp RB2 Semicolon vars  (22)

	Bool  shift 18
	LB1  shift 19
	LB3  shift 20
	Id  shift 21
	.  error

	expr_type  goto 67


state 57
	var_decl : Var LB3 vars RB3 .  (19)

	.  reduce 19


state 58
	symbol_decl : Define LB3 symbols . RB3  (23)
	symbols : symbols . Id Assigno dexp Semicolon  (25)

	RB3  shift 68
	Id  shift 69
	.  error


state 59
	inis : Id . Assigno exp Semicolon inis  (56)
	inis : Id . Assigno LB3 exps RB3 Semicolon inis  (57)
	inis : Id . Assigno Id LB1 exps RB1 Semicolon inis  (58)

	Assigno  shift 70
	.  error


state 60
	init_decl : Init LB3 inis . RB3  (54)

	RB3  shift 71
	.  error


state 61
	trans_decl : Transition LB3 . trans RB3  (90)
	trans : .  (91)

	LB1  shift 72
	Minus  shift 73
	Scalar  shift 74
	Nego  shift 75
	Id  shift 76
	I  shift 77
	B  shift 78
	RB3  reduce 91

	exp  goto 79
	nested_var  goto 80
	trans  goto 81


state 62
	inputs : inputs Module Id LB1 parameters RB1 LB3 var_decl init_decl trans_decl RB3 .  (3)

	.  reduce 3


state 63
	inputs : inputs Module Id LB1 parameters RB1 LB3 var_decl symbol_decl init_decl trans_decl . RB3  (4)

	RB3  shift 82
	.  error


state 64
	atomic_decl : Atomic . LB3 atomics RB3  (100)

	LB3  shift 83
	.  error


state 65
	inputs : inputs Model Id LB1 parameters RB1 LB3 var_decl init_decl trans_decl atomic_decl . spec_decl RB3  (5)
	inputs : inputs Model Id LB1 parameters RB1 LB3 var_decl init_decl trans_decl atomic_decl . fairness_decl spec_decl RB3  (7)

	Fairness  shift 84
	Spec  shift 85
	.  error

	spec_decl  goto 86
	fairness_decl  goto 87


state 66
	inputs : inputs Model Id LB1 parameters RB1 LB3 var_decl symbol_decl init_decl trans_decl . atomic_decl spec_decl RB3  (6)
	inputs : inputs Model Id LB1 parameters RB1 LB3 var_decl symbol_decl init_decl trans_decl . atomic_decl fairness_decl spec_decl RB3  (8)

	Atomic  shift 64
	.  error

	atomic_decl  goto 88


state 67
	vars : Id Colon expr_type . Semicolon vars  (21)
	vars : Id Colon expr_type . LB2 exp RB2 Semicolon vars  (22)

	Semicolon  shift 89
	LB2  shift 90
	.  error


state 68
	symbol_decl : Define LB3 symbols RB3 .  (23)

	.  reduce 23


state 69
	symbols : symbols Id . Assigno dexp Semicolon  (25)

	Assigno  shift 91
	.  error


state 70
	inis : Id Assigno . exp Semicolon inis  (56)
	inis : Id Assigno . LB3 exps RB3 Semicolon inis  (57)
	inis : Id Assigno . Id LB1 exps RB1 Semicolon inis  (58)

	LB1  shift 72
	LB3  shift 92
	Minus  shift 73
	Scalar  shift 74
	Nego  shift 75
	Id  shift 93
	I  shift 77
	B  shift 78
	.  error

	exp  goto 94
	nested_var  goto 80


state 71
	init_decl : Init LB3 inis RB3 .  (54)

	.  reduce 54


state 72
	exp : LB1 . exp RB1  (83)

	LB1  shift 72
	Minus  shift 73
	Scalar  shift 74
	Nego  shift 75
	Id  shift 76
	I  shift 77
	B  shift 78
	.  error

	exp  goto 95
	nested_var  goto 80


state 73
	exp : Minus . exp  (69)

	LB1  shift 72
	Minus  shift 73
	Scalar  shift 74
	Nego  shift 75
	Id  shift 76
	I  shift 77
	B  shift 78
	.  error

	exp  goto 96
	nested_var  goto 80


state 74
	exp : Scalar . Id  (68)

	Id  shift 97
	.  error


state 75
	exp : Nego . exp  (70)

	LB1  shift 72
	Minus  shift 73
	Scalar  shift 74
	Nego  shift 75
	Id  shift 76
	I  shift 77
	B  shift 78
	.  error

	exp  goto 98
	nested_var  goto 80


state 76
	exp : Id .  (64)
	exp : Id . LB2 exp RB2  (65)
	exp : Id . LB1 exp RB1  (66)
	nested_var : Id . Dot Id  (84)
	nested_var : Id . LB2 exp RB2 Dot Id  (85)
	nested_var : Id . Dot Id LB2 exp RB2  (86)
	nested_var : Id . LB2 exp RB2 Dot Id LB2 exp RB2  (87)
	nested_var : Id . Dot nested_var  (88)
	nested_var : Id . LB2 exp RB2 Dot nested_var  (89)

	Dot  shift 99
	LB1  shift 100
	LB2  shift 101
	Colon  reduce 64
	Semicolon  reduce 64
	Comma  reduce 64
	RB1  reduce 64
	RB2  reduce 64
	RB3  reduce 64
	Equal  reduce 64
	Add  reduce 64
	Minus  reduce 64
	Mult  reduce 64
	Ando  reduce 64
	Oro  reduce 64
	Non_equal  reduce 64
	Mod  reduce 64
	LT  reduce 64
	GT  reduce 64
	LE  reduce 64
	GE  reduce 64


state 77
	exp : I .  (62)

	.  reduce 62


state 78
	exp : B .  (63)

	.  reduce 63


state 79
	exp : exp . Equal exp  (71)
	exp : exp . Non_equal exp  (72)
	exp : exp . Ando exp  (73)
	exp : exp . Oro exp  (74)
	exp : exp . Add exp  (75)
	exp : exp . Minus exp  (76)
	exp : exp . Mult exp  (77)
	exp : exp . Mod exp  (78)
	exp : exp . LT exp  (79)
	exp : exp . GT exp  (80)
	exp : exp . LE exp  (81)
	exp : exp . GE exp  (82)
	trans : exp . Colon LB3 rests RB3 Semicolon trans  (92)

	Colon  shift 102
	Equal  shift 103
	Add  shift 104
	Minus  shift 105
	Mult  shift 106
	Ando  shift 107
	Oro  shift 108
	Non_equal  shift 109
	Mod  shift 110
	LT  shift 111
	GT  shift 112
	LE  shift 113
	GE  shift 114
	.  error


state 80
	exp : nested_var .  (67)

	.  reduce 67


state 81
	trans_decl : Transition LB3 trans . RB3  (90)

	RB3  shift 115
	.  error


state 82
	inputs : inputs Module Id LB1 parameters RB1 LB3 var_decl symbol_decl init_decl trans_decl RB3 .  (4)

	.  reduce 4


state 83
	atomic_decl : Atomic LB3 . atomics RB3  (100)
	atomics : .  (101)

	.  reduce 101

	atomics  goto 116


state 84
	fairness_decl : Fairness . LB3 fairness RB3  (96)

	LB3  shift 117
	.  error


state 85
	spec_decl : Spec . LB3 specs RB3  (107)

	LB3  shift 118
	.  error


state 86
	inputs : inputs Model Id LB1 parameters RB1 LB3 var_decl init_decl trans_decl atomic_decl spec_decl . RB3  (5)

	RB3  shift 119
	.  error


state 87
	inputs : inputs Model Id LB1 parameters RB1 LB3 var_decl init_decl trans_decl atomic_decl fairness_decl . spec_decl RB3  (7)

	Spec  shift 85
	.  error

	spec_decl  goto 120


state 88
	inputs : inputs Model Id LB1 parameters RB1 LB3 var_decl symbol_decl init_decl trans_decl atomic_decl . spec_decl RB3  (6)
	inputs : inputs Model Id LB1 parameters RB1 LB3 var_decl symbol_decl init_decl trans_decl atomic_decl . fairness_decl spec_decl RB3  (8)

	Fairness  shift 84
	Spec  shift 85
	.  error

	spec_decl  goto 121
	fairness_decl  goto 122


state 89
	vars : Id Colon expr_type Semicolon . vars  (21)
	vars : .  (20)

	Id  shift 45
	RB3  reduce 20

	vars  goto 123


state 90
	vars : Id Colon expr_type LB2 . exp RB2 Semicolon vars  (22)

	LB1  shift 72
	Minus  shift 73
	Scalar  shift 74
	Nego  shift 75
	Id  shift 76
	I  shift 77
	B  shift 78
	.  error

	exp  goto 124
	nested_var  goto 80


state 91
	symbols : symbols Id Assigno . dexp Semicolon  (25)

	LB1  shift 125
	Minus  shift 126
	Scalar  shift 127
	Nego  shift 128
	Id  shift 129
	I  shift 130
	B  shift 131
	.  error

	dexp  goto 132
	dnested_var  goto 133


state 92
	inis : Id Assigno LB3 . exps RB3 Semicolon inis  (57)
	exps : .  (59)

	LB1  shift 72
	Minus  shift 73
	Scalar  shift 74
	Nego  shift 75
	Id  shift 76
	I  shift 77
	B  shift 78
	RB3  reduce 59

	exp  goto 134
	exps  goto 135
	nested_var  goto 80


state 93
	inis : Id Assigno Id . LB1 exps RB1 Semicolon inis  (58)
	exp : Id .  (64)
	exp : Id . LB2 exp RB2  (65)
	exp : Id . LB1 exp RB1  (66)
	nested_var : Id . Dot Id  (84)
	nested_var : Id . LB2 exp RB2 Dot Id  (85)
	nested_var : Id . Dot Id LB2 exp RB2  (86)
	nested_var : Id . LB2 exp RB2 Dot Id LB2 exp RB2  (87)
	nested_var : Id . Dot nested_var  (88)
	nested_var : Id . LB2 exp RB2 Dot nested_var  (89)

	Dot  shift 99
	LB1  shift 136
	LB2  shift 101
	Semicolon  reduce 64
	Equal  reduce 64
	Add  reduce 64
	Minus  reduce 64
	Mult  reduce 64
	Ando  reduce 64
	Oro  reduce 64
	Non_equal  reduce 64
	Mod  reduce 64
	LT  reduce 64
	GT  reduce 64
	LE  reduce 64
	GE  reduce 64


state 94
	inis : Id Assigno exp . Semicolon inis  (56)
	exp : exp . Equal exp  (71)
	exp : exp . Non_equal exp  (72)
	exp : exp . Ando exp  (73)
	exp : exp . Oro exp  (74)
	exp : exp . Add exp  (75)
	exp : exp . Minus exp  (76)
	exp : exp . Mult exp  (77)
	exp : exp . Mod exp  (78)
	exp : exp . LT exp  (79)
	exp : exp . GT exp  (80)
	exp : exp . LE exp  (81)
	exp : exp . GE exp  (82)

	Semicolon  shift 137
	Equal  shift 103
	Add  shift 104
	Minus  shift 105
	Mult  shift 106
	Ando  shift 107
	Oro  shift 108
	Non_equal  shift 109
	Mod  shift 110
	LT  shift 111
	GT  shift 112
	LE  shift 113
	GE  shift 114
	.  error


state 95
	exp : exp . Equal exp  (71)
	exp : exp . Non_equal exp  (72)
	exp : exp . Ando exp  (73)
	exp : exp . Oro exp  (74)
	exp : exp . Add exp  (75)
	exp : exp . Minus exp  (76)
	exp : exp . Mult exp  (77)
	exp : exp . Mod exp  (78)
	exp : exp . LT exp  (79)
	exp : exp . GT exp  (80)
	exp : exp . LE exp  (81)
	exp : exp . GE exp  (82)
	exp : LB1 exp . RB1  (83)

	RB1  shift 138
	Equal  shift 103
	Add  shift 104
	Minus  shift 105
	Mult  shift 106
	Ando  shift 107
	Oro  shift 108
	Non_equal  shift 109
	Mod  shift 110
	LT  shift 111
	GT  shift 112
	LE  shift 113
	GE  shift 114
	.  error


state 96
	exp : Minus exp .  (69)
	exp : exp . Equal exp  (71)
	exp : exp . Non_equal exp  (72)
	exp : exp . Ando exp  (73)
	exp : exp . Oro exp  (74)
	exp : exp . Add exp  (75)
	exp : exp . Minus exp  (76)
	exp : exp . Mult exp  (77)
	exp : exp . Mod exp  (78)
	exp : exp . LT exp  (79)
	exp : exp . GT exp  (80)
	exp : exp . LE exp  (81)
	exp : exp . GE exp  (82)

	Equal  shift 103
	Mult  shift 106
	Non_equal  shift 109
	Mod  shift 110
	LT  shift 111
	GT  shift 112
	LE  shift 113
	GE  shift 114
	Colon  reduce 69
	Semicolon  reduce 69
	Comma  reduce 69
	RB1  reduce 69
	RB2  reduce 69
	RB3  reduce 69
	Add  reduce 69
	Minus  reduce 69
	Ando  reduce 69
	Oro  reduce 69


state 97
	exp : Scalar Id .  (68)

	.  reduce 68


state 98
	exp : Nego exp .  (70)
	exp : exp . Equal exp  (71)
	exp : exp . Non_equal exp  (72)
	exp : exp . Ando exp  (73)
	exp : exp . Oro exp  (74)
	exp : exp . Add exp  (75)
	exp : exp . Minus exp  (76)
	exp : exp . Mult exp  (77)
	exp : exp . Mod exp  (78)
	exp : exp . LT exp  (79)
	exp : exp . GT exp  (80)
	exp : exp . LE exp  (81)
	exp : exp . GE exp  (82)

	.  reduce 70


state 99
	nested_var : Id Dot . Id  (84)
	nested_var : Id Dot . Id LB2 exp RB2  (86)
	nested_var : Id Dot . nested_var  (88)

	Id  shift 139
	.  error

	nested_var  goto 140


state 100
	exp : Id LB1 . exp RB1  (66)

	LB1  shift 72
	Minus  shift 73
	Scalar  shift 74
	Nego  shift 75
	Id  shift 76
	I  shift 77
	B  shift 78
	.  error

	exp  goto 141
	nested_var  goto 80


state 101
	exp : Id LB2 . exp RB2  (65)
	nested_var : Id LB2 . exp RB2 Dot Id  (85)
	nested_var : Id LB2 . exp RB2 Dot Id LB2 exp RB2  (87)
	nested_var : Id LB2 . exp RB2 Dot nested_var  (89)

	LB1  shift 72
	Minus  shift 73
	Scalar  shift 74
	Nego  shift 75
	Id  shift 76
	I  shift 77
	B  shift 78
	.  error

	exp  goto 142
	nested_var  goto 80


state 102
	trans : exp Colon . LB3 rests RB3 Semicolon trans  (92)

	LB3  shift 143
	.  error


state 103
	exp : exp Equal . exp  (71)

	LB1  shift 72
	Minus  shift 73
	Scalar  shift 74
	Nego  shift 75
	Id  shift 76
	I  shift 77
	B  shift 78
	.  error

	exp  goto 144
	nested_var  goto 80


state 104
	exp : exp Add . exp  (75)

	LB1  shift 72
	Minus  shift 73
	Scalar  shift 74
	Nego  shift 75
	Id  shift 76
	I  shift 77
	B  shift 78
	.  error

	exp  goto 145
	nested_var  goto 80


state 105
	exp : exp Minus . exp  (76)

	LB1  shift 72
	Minus  shift 73
	Scalar  shift 74
	Nego  shift 75
	Id  shift 76
	I  shift 77
	B  shift 78
	.  error

	exp  goto 146
	nested_var  goto 80


state 106
	exp : exp Mult . exp  (77)

	LB1  shift 72
	Minus  shift 73
	Scalar  shift 74
	Nego  shift 75
	Id  shift 76
	I  shift 77
	B  shift 78
	.  error

	exp  goto 147
	nested_var  goto 80


state 107
	exp : exp Ando . exp  (73)

	LB1  shift 72
	Minus  shift 73
	Scalar  shift 74
	Nego  shift 75
	Id  shift 76
	I  shift 77
	B  shift 78
	.  error

	exp  goto 148
	nested_var  goto 80


state 108
	exp : exp Oro . exp  (74)

	LB1  shift 72
	Minus  shift 73
	Scalar  shift 74
	Nego  shift 75
	Id  shift 76
	I  shift 77
	B  shift 78
	.  error

	exp  goto 149
	nested_var  goto 80


state 109
	exp : exp Non_equal . exp  (72)

	LB1  shift 72
	Minus  shift 73
	Scalar  shift 74
	Nego  shift 75
	Id  shift 76
	I  shift 77
	B  shift 78
	.  error

	exp  goto 150
	nested_var  goto 80


state 110
	exp : exp Mod . exp  (78)

	LB1  shift 72
	Minus  shift 73
	Scalar  shift 74
	Nego  shift 75
	Id  shift 76
	I  shift 77
	B  shift 78
	.  error

	exp  goto 151
	nested_var  goto 80


state 111
	exp : exp LT . exp  (79)

	LB1  shift 72
	Minus  shift 73
	Scalar  shift 74
	Nego  shift 75
	Id  shift 76
	I  shift 77
	B  shift 78
	.  error

	exp  goto 152
	nested_var  goto 80


state 112
	exp : exp GT . exp  (80)

	LB1  shift 72
	Minus  shift 73
	Scalar  shift 74
	Nego  shift 75
	Id  shift 76
	I  shift 77
	B  shift 78
	.  error

	exp  goto 153
	nested_var  goto 80


state 113
	exp : exp LE . exp  (81)

	LB1  shift 72
	Minus  shift 73
	Scalar  shift 74
	Nego  shift 75
	Id  shift 76
	I  shift 77
	B  shift 78
	.  error

	exp  goto 154
	nested_var  goto 80


state 114
	exp : exp GE . exp  (82)

	LB1  shift 72
	Minus  shift 73
	Scalar  shift 74
	Nego  shift 75
	Id  shift 76
	I  shift 77
	B  shift 78
	.  error

	exp  goto 155
	nested_var  goto 80


state 115
	trans_decl : Transition LB3 trans RB3 .  (90)

	.  reduce 90


state 116
	atomic_decl : Atomic LB3 atomics . RB3  (100)
	atomics : atomics . Id LB1 bound_var RB1 Assigno exp Semicolon  (102)

	RB3  shift 156
	Id  shift 157
	.  error


state 117
	fairness_decl : Fairness LB3 . fairness RB3  (96)
	fairness : .  (97)

	Top  shift 158
	Bottom  shift 159
	AX  shift 160
	EX  shift 161
	AF  shift 162
	EG  shift 163
	AR  shift 164
	EU  shift 165
	Neg  shift 166
	LB1  shift 167
	Id  shift 168
	RB3  reduce 97

	fairness  goto 169
	fml  goto 170


state 118
	spec_decl : Spec LB3 . specs RB3  (107)
	specs : .  (108)

	Id  shift 171
	RB3  reduce 108

	specs  goto 172


state 119
	inputs : inputs Model Id LB1 parameters RB1 LB3 var_decl init_decl trans_decl atomic_decl spec_decl RB3 .  (5)

	.  reduce 5


state 120
	inputs : inputs Model Id LB1 parameters RB1 LB3 var_decl init_decl trans_decl atomic_decl fairness_decl spec_decl . RB3  (7)

	RB3  shift 173
	.  error


state 121
	inputs : inputs Model Id LB1 parameters RB1 LB3 var_decl symbol_decl init_decl trans_decl atomic_decl spec_decl . RB3  (6)

	RB3  shift 174
	.  error


state 122
	inputs : inputs Model Id LB1 parameters RB1 LB3 var_decl symbol_decl init_decl trans_decl atomic_decl fairness_decl . spec_decl RB3  (8)

	Spec  shift 85
	.  error

	spec_decl  goto 175


state 123
	vars : Id Colon expr_type Semicolon vars .  (21)

	.  reduce 21


state 124
	vars : Id Colon expr_type LB2 exp . RB2 Semicolon vars  (22)
	exp : exp . Equal exp  (71)
	exp : exp . Non_equal exp  (72)
	exp : exp . Ando exp  (73)
	exp : exp . Oro exp  (74)
	exp : exp . Add exp  (75)
	exp : exp . Minus exp  (76)
	exp : exp . Mult exp  (77)
	exp : exp . Mod exp  (78)
	exp : exp . LT exp  (79)
	exp : exp . GT exp  (80)
	exp : exp . LE exp  (81)
	exp : exp . GE exp  (82)

	RB2  shift 176
	Equal  shift 103
	Add  shift 104
	Minus  shift 105
	Mult  shift 106
	Ando  shift 107
	Oro  shift 108
	Non_equal  shift 109
	Mod  shift 110
	LT  shift 111
	GT  shift 112
	LE  shift 113
	GE  shift 114
	.  error


state 125
	dexp : LB1 . dexp RB1  (46)
	dnested_var : LB1 . dnested_var RB1  (53)

	LB1  shift 125
	Minus  shift 126
	Scalar  shift 127
	Nego  shift 128
	Id  shift 129
	I  shift 130
	B  shift 131
	.  error

	dexp  goto 177
	dnested_var  goto 178


state 126
	dexp : Minus . dexp  (32)

	LB1  shift 125
	Minus  shift 126
	Scalar  shift 127
	Nego  shift 128
	Id  shift 129
	I  shift 130
	B  shift 131
	.  error

	dexp  goto 179
	dnested_var  goto 133


state 127
	dexp : Scalar . Id  (31)

	Id  shift 180
	.  error


state 128
	dexp : Nego . dexp  (33)

	LB1  shift 125
	Minus  shift 126
	Scalar  shift 127
	Nego  shift 128
	Id  shift 129
	I  shift 130
	B  shift 131
	.  error

	dexp  goto 181
	dnested_var  goto 133


state 129
	dexp : Id .  (28)
	dexp : Id . LB2 dexp RB2  (29)
	dnested_var : Id . Dot Id  (47)
	dnested_var : Id . LB2 dexp RB2 Dot Id  (48)
	dnested_var : Id . Dot Id LB2 dexp RB2  (49)
	dnested_var : Id . LB2 dexp RB2 Dot Id LB2 dexp RB2  (50)
	dnested_var : Id . Dot dnested_var  (51)
	dnested_var : Id . LB2 dexp RB2 Dot dnested_var  (52)

	Dot  shift 182
	LB2  shift 183
	Semicolon  reduce 28
	RB1  reduce 28
	RB2  reduce 28
	Equal  reduce 28
	Add  reduce 28
	Minus  reduce 28
	Mult  reduce 28
	Ando  reduce 28
	Oro  reduce 28
	Non_equal  reduce 28
	Mod  reduce 28
	LT  reduce 28
	GT  reduce 28
	LE  reduce 28
	GE  reduce 28


state 130
	dexp : I .  (26)

	.  reduce 26


state 131
	dexp : B .  (27)

	.  reduce 27


state 132
	symbols : symbols Id Assigno dexp . Semicolon  (25)
	dexp : dexp . Equal dexp  (34)
	dexp : dexp . Non_equal dexp  (35)
	dexp : dexp . Ando dexp  (36)
	dexp : dexp . Oro dexp  (37)
	dexp : dexp . Add dexp  (38)
	dexp : dexp . Minus dexp  (39)
	dexp : dexp . Mult dexp  (40)
	dexp : dexp . Mod dexp  (41)
	dexp : dexp . LT dexp  (42)
	dexp : dexp . GT dexp  (43)
	dexp : dexp . LE dexp  (44)
	dexp : dexp . GE dexp  (45)

	Semicolon  shift 184
	Equal  shift 185
	Add  shift 186
	Minus  shift 187
	Mult  shift 188
	Ando  shift 189
	Oro  shift 190
	Non_equal  shift 191
	Mod  shift 192
	LT  shift 193
	GT  shift 194
	LE  shift 195
	GE  shift 196
	.  error


state 133
	dexp : dnested_var .  (30)

	.  reduce 30


state 134
	exps : exp .  (60)
	exps : exp . Comma exps  (61)
	exp : exp . Equal exp  (71)
	exp : exp . Non_equal exp  (72)
	exp : exp . Ando exp  (73)
	exp : exp . Oro exp  (74)
	exp : exp . Add exp  (75)
	exp : exp . Minus exp  (76)
	exp : exp . Mult exp  (77)
	exp : exp . Mod exp  (78)
	exp : exp . LT exp  (79)
	exp : exp . GT exp  (80)
	exp : exp . LE exp  (81)
	exp : exp . GE exp  (82)

	Comma  shift 197
	Equal  shift 103
	Add  shift 104
	Minus  shift 105
	Mult  shift 106
	Ando  shift 107
	Oro  shift 108
	Non_equal  shift 109
	Mod  shift 110
	LT  shift 111
	GT  shift 112
	LE  shift 113
	GE  shift 114
	RB1  reduce 60
	RB3  reduce 60


state 135
	inis : Id Assigno LB3 exps . RB3 Semicolon inis  (57)

	RB3  shift 198
	.  error


state 136
	inis : Id Assigno Id LB1 . exps RB1 Semicolon inis  (58)
	exp : Id LB1 . exp RB1  (66)
	exps : .  (59)

	LB1  shift 72
	Minus  shift 73
	Scalar  shift 74
	Nego  shift 75
	Id  shift 76
	I  shift 77
	B  shift 78
	RB1  reduce 59

	exp  goto 199
	exps  goto 200
	nested_var  goto 80


state 137
	inis : Id Assigno exp Semicolon . inis  (56)
	inis : .  (55)

	Id  shift 59
	RB3  reduce 55

	inis  goto 201


state 138
	exp : LB1 exp RB1 .  (83)

	.  reduce 83


state 139
	nested_var : Id . Dot Id  (84)
	nested_var : Id Dot Id .  (84)
	nested_var : Id . LB2 exp RB2 Dot Id  (85)
	nested_var : Id . Dot Id LB2 exp RB2  (86)
	nested_var : Id Dot Id . LB2 exp RB2  (86)
	nested_var : Id . LB2 exp RB2 Dot Id LB2 exp RB2  (87)
	nested_var : Id . Dot nested_var  (88)
	nested_var : Id . LB2 exp RB2 Dot nested_var  (89)

	Dot  shift 99
	LB2  shift 202
	Colon  reduce 84
	Semicolon  reduce 84
	Comma  reduce 84
	RB1  reduce 84
	RB2  reduce 84
	RB3  reduce 84
	Equal  reduce 84
	Add  reduce 84
	Minus  reduce 84
	Mult  reduce 84
	Ando  reduce 84
	Oro  reduce 84
	Non_equal  reduce 84
	Mod  reduce 84
	LT  reduce 84
	GT  reduce 84
	LE  reduce 84
	GE  reduce 84


state 140
	nested_var : Id Dot nested_var .  (88)

	.  reduce 88


state 141
	exp : Id LB1 exp . RB1  (66)
	exp : exp . Equal exp  (71)
	exp : exp . Non_equal exp  (72)
	exp : exp . Ando exp  (73)
	exp : exp . Oro exp  (74)
	exp : exp . Add exp  (75)
	exp : exp . Minus exp  (76)
	exp : exp . Mult exp  (77)
	exp : exp . Mod exp  (78)
	exp : exp . LT exp  (79)
	exp : exp . GT exp  (80)
	exp : exp . LE exp  (81)
	exp : exp . GE exp  (82)

	RB1  shift 203
	Equal  shift 103
	Add  shift 104
	Minus  shift 105
	Mult  shift 106
	Ando  shift 107
	Oro  shift 108
	Non_equal  shift 109
	Mod  shift 110
	LT  shift 111
	GT  shift 112
	LE  shift 113
	GE  shift 114
	.  error


state 142
	exp : Id LB2 exp . RB2  (65)
	exp : exp . Equal exp  (71)
	exp : exp . Non_equal exp  (72)
	exp : exp . Ando exp  (73)
	exp : exp . Oro exp  (74)
	exp : exp . Add exp  (75)
	exp : exp . Minus exp  (76)
	exp : exp . Mult exp  (77)
	exp : exp . Mod exp  (78)
	exp : exp . LT exp  (79)
	exp : exp . GT exp  (80)
	exp : exp . LE exp  (81)
	exp : exp . GE exp  (82)
	nested_var : Id LB2 exp . RB2 Dot Id  (85)
	nested_var : Id LB2 exp . RB2 Dot Id LB2 exp RB2  (87)
	nested_var : Id LB2 exp . RB2 Dot nested_var  (89)

	RB2  shift 204
	Equal  shift 103
	Add  shift 104
	Minus  shift 105
	Mult  shift 106
	Ando  shift 107
	Oro  shift 108
	Non_equal  shift 109
	Mod  shift 110
	LT  shift 111
	GT  shift 112
	LE  shift 113
	GE  shift 114
	.  error


state 143
	trans : exp Colon LB3 . rests RB3 Semicolon trans  (92)
	rests : .  (93)

	Id  shift 205
	RB3  reduce 93

	rests  goto 206


state 144
	exp : exp . Equal exp  (71)
	exp : exp Equal exp .  (71)
	exp : exp . Non_equal exp  (72)
	exp : exp . Ando exp  (73)
	exp : exp . Oro exp  (74)
	exp : exp . Add exp  (75)
	exp : exp . Minus exp  (76)
	exp : exp . Mult exp  (77)
	exp : exp . Mod exp  (78)
	exp : exp . LT exp  (79)
	exp : exp . GT exp  (80)
	exp : exp . LE exp  (81)
	exp : exp . GE exp  (82)

	.  reduce 71


state 145
	exp : exp . Equal exp  (71)
	exp : exp . Non_equal exp  (72)
	exp : exp . Ando exp  (73)
	exp : exp . Oro exp  (74)
	exp : exp . Add exp  (75)
	exp : exp Add exp .  (75)
	exp : exp . Minus exp  (76)
	exp : exp . Mult exp  (77)
	exp : exp . Mod exp  (78)
	exp : exp . LT exp  (79)
	exp : exp . GT exp  (80)
	exp : exp . LE exp  (81)
	exp : exp . GE exp  (82)

	Equal  shift 103
	Mult  shift 106
	Non_equal  shift 109
	Mod  shift 110
	LT  shift 111
	GT  shift 112
	LE  shift 113
	GE  shift 114
	Colon  reduce 75
	Semicolon  reduce 75
	Comma  reduce 75
	RB1  reduce 75
	RB2  reduce 75
	RB3  reduce 75
	Add  reduce 75
	Minus  reduce 75
	Ando  reduce 75
	Oro  reduce 75


state 146
	exp : exp . Equal exp  (71)
	exp : exp . Non_equal exp  (72)
	exp : exp . Ando exp  (73)
	exp : exp . Oro exp  (74)
	exp : exp . Add exp  (75)
	exp : exp . Minus exp  (76)
	exp : exp Minus exp .  (76)
	exp : exp . Mult exp  (77)
	exp : exp . Mod exp  (78)
	exp : exp . LT exp  (79)
	exp : exp . GT exp  (80)
	exp : exp . LE exp  (81)
	exp : exp . GE exp  (82)

	Equal  shift 103
	Mult  shift 106
	Non_equal  shift 109
	Mod  shift 110
	LT  shift 111
	GT  shift 112
	LE  shift 113
	GE  shift 114
	Colon  reduce 76
	Semicolon  reduce 76
	Comma  reduce 76
	RB1  reduce 76
	RB2  reduce 76
	RB3  reduce 76
	Add  reduce 76
	Minus  reduce 76
	Ando  reduce 76
	Oro  reduce 76


state 147
	exp : exp . Equal exp  (71)
	exp : exp . Non_equal exp  (72)
	exp : exp . Ando exp  (73)
	exp : exp . Oro exp  (74)
	exp : exp . Add exp  (75)
	exp : exp . Minus exp  (76)
	exp : exp . Mult exp  (77)
	exp : exp Mult exp .  (77)
	exp : exp . Mod exp  (78)
	exp : exp . LT exp  (79)
	exp : exp . GT exp  (80)
	exp : exp . LE exp  (81)
	exp : exp . GE exp  (82)

	Equal  shift 103
	Non_equal  shift 109
	Mod  shift 110
	LT  shift 111
	GT  shift 112
	LE  shift 113
	GE  shift 114
	Colon  reduce 77
	Semicolon  reduce 77
	Comma  reduce 77
	RB1  reduce 77
	RB2  reduce 77
	RB3  reduce 77
	Add  reduce 77
	Minus  reduce 77
	Mult  reduce 77
	Ando  reduce 77
	Oro  reduce 77


state 148
	exp : exp . Equal exp  (71)
	exp : exp . Non_equal exp  (72)
	exp : exp . Ando exp  (73)
	exp : exp Ando exp .  (73)
	exp : exp . Oro exp  (74)
	exp : exp . Add exp  (75)
	exp : exp . Minus exp  (76)
	exp : exp . Mult exp  (77)
	exp : exp . Mod exp  (78)
	exp : exp . LT exp  (79)
	exp : exp . GT exp  (80)
	exp : exp . LE exp  (81)
	exp : exp . GE exp  (82)

	Equal  shift 103
	Add  shift 104
	Minus  shift 105
	Mult  shift 106
	Non_equal  shift 109
	Mod  shift 110
	LT  shift 111
	GT  shift 112
	LE  shift 113
	GE  shift 114
	Colon  reduce 73
	Semicolon  reduce 73
	Comma  reduce 73
	RB1  reduce 73
	RB2  reduce 73
	RB3  reduce 73
	Ando  reduce 73
	Oro  reduce 73


state 149
	exp : exp . Equal exp  (71)
	exp : exp . Non_equal exp  (72)
	exp : exp . Ando exp  (73)
	exp : exp . Oro exp  (74)
	exp : exp Oro exp .  (74)
	exp : exp . Add exp  (75)
	exp : exp . Minus exp  (76)
	exp : exp . Mult exp  (77)
	exp : exp . Mod exp  (78)
	exp : exp . LT exp  (79)
	exp : exp . GT exp  (80)
	exp : exp . LE exp  (81)
	exp : exp . GE exp  (82)

	Equal  shift 103
	Add  shift 104
	Minus  shift 105
	Mult  shift 106
	Ando  shift 107
	Non_equal  shift 109
	Mod  shift 110
	LT  shift 111
	GT  shift 112
	LE  shift 113
	GE  shift 114
	Colon  reduce 74
	Semicolon  reduce 74
	Comma  reduce 74
	RB1  reduce 74
	RB2  reduce 74
	RB3  reduce 74
	Oro  reduce 74


state 150
	exp : exp . Equal exp  (71)
	exp : exp . Non_equal exp  (72)
	exp : exp Non_equal exp .  (72)
	exp : exp . Ando exp  (73)
	exp : exp . Oro exp  (74)
	exp : exp . Add exp  (75)
	exp : exp . Minus exp  (76)
	exp : exp . Mult exp  (77)
	exp : exp . Mod exp  (78)
	exp : exp . LT exp  (79)
	exp : exp . GT exp  (80)
	exp : exp . LE exp  (81)
	exp : exp . GE exp  (82)

	.  reduce 72


state 151
	exp : exp . Equal exp  (71)
	exp : exp . Non_equal exp  (72)
	exp : exp . Ando exp  (73)
	exp : exp . Oro exp  (74)
	exp : exp . Add exp  (75)
	exp : exp . Minus exp  (76)
	exp : exp . Mult exp  (77)
	exp : exp . Mod exp  (78)
	exp : exp Mod exp .  (78)
	exp : exp . LT exp  (79)
	exp : exp . GT exp  (80)
	exp : exp . LE exp  (81)
	exp : exp . GE exp  (82)

	.  reduce 78


state 152
	exp : exp . Equal exp  (71)
	exp : exp . Non_equal exp  (72)
	exp : exp . Ando exp  (73)
	exp : exp . Oro exp  (74)
	exp : exp . Add exp  (75)
	exp : exp . Minus exp  (76)
	exp : exp . Mult exp  (77)
	exp : exp . Mod exp  (78)
	exp : exp . LT exp  (79)
	exp : exp LT exp .  (79)
	exp : exp . GT exp  (80)
	exp : exp . LE exp  (81)
	exp : exp . GE exp  (82)

	.  reduce 79


state 153
	exp : exp . Equal exp  (71)
	exp : exp . Non_equal exp  (72)
	exp : exp . Ando exp  (73)
	exp : exp . Oro exp  (74)
	exp : exp . Add exp  (75)
	exp : exp . Minus exp  (76)
	exp : exp . Mult exp  (77)
	exp : exp . Mod exp  (78)
	exp : exp . LT exp  (79)
	exp : exp . GT exp  (80)
	exp : exp GT exp .  (80)
	exp : exp . LE exp  (81)
	exp : exp . GE exp  (82)

	.  reduce 80


state 154
	exp : exp . Equal exp  (71)
	exp : exp . Non_equal exp  (72)
	exp : exp . Ando exp  (73)
	exp : exp . Oro exp  (74)
	exp : exp . Add exp  (75)
	exp : exp . Minus exp  (76)
	exp : exp . Mult exp  (77)
	exp : exp . Mod exp  (78)
	exp : exp . LT exp  (79)
	exp : exp . GT exp  (80)
	exp : exp . LE exp  (81)
	exp : exp LE exp .  (81)
	exp : exp . GE exp  (82)

	.  reduce 81


state 155
	exp : exp . Equal exp  (71)
	exp : exp . Non_equal exp  (72)
	exp : exp . Ando exp  (73)
	exp : exp . Oro exp  (74)
	exp : exp . Add exp  (75)
	exp : exp . Minus exp  (76)
	exp : exp . Mult exp  (77)
	exp : exp . Mod exp  (78)
	exp : exp . LT exp  (79)
	exp : exp . GT exp  (80)
	exp : exp . LE exp  (81)
	exp : exp . GE exp  (82)
	exp : exp GE exp .  (82)

	.  reduce 82


state 156
	atomic_decl : Atomic LB3 atomics RB3 .  (100)

	.  reduce 100


state 157
	atomics : atomics Id . LB1 bound_var RB1 Assigno exp Semicolon  (102)

	LB1  shift 207
	.  error


state 158
	fml : Top .  (110)

	.  reduce 110


state 159
	fml : Bottom .  (111)

	.  reduce 111


state 160
	fml : AX . LB1 Id Comma fml Comma Id RB1  (116)

	LB1  shift 208
	.  error


state 161
	fml : EX . LB1 Id Comma fml Comma Id RB1  (117)

	LB1  shift 209
	.  error


state 162
	fml : AF . LB1 Id Comma fml Comma Id RB1  (118)

	LB1  shift 210
	.  error


state 163
	fml : EG . LB1 Id Comma fml Comma Id RB1  (119)

	LB1  shift 211
	.  error


state 164
	fml : AR . LB1 Id Comma Id Comma fml Comma fml Comma Id RB1  (120)

	LB1  shift 212
	.  error


state 165
	fml : EU . LB1 Id Comma Id Comma fml Comma fml Comma Id RB1  (121)

	LB1  shift 213
	.  error


state 166
	fml : Neg . fml  (113)

	Top  shift 158
	Bottom  shift 159
	AX  shift 160
	EX  shift 161
	AF  shift 162
	EG  shift 163
	AR  shift 164
	EU  shift 165
	Neg  shift 166
	LB1  shift 167
	Id  shift 214
	.  error

	fml  goto 215


state 167
	fml : LB1 . fml RB1  (122)

	Top  shift 158
	Bottom  shift 159
	AX  shift 160
	EX  shift 161
	AF  shift 162
	EG  shift 163
	AR  shift 164
	EU  shift 165
	Neg  shift 166
	LB1  shift 167
	Id  shift 214
	.  error

	fml  goto 216


state 168
	fairness : Id . LB1 Id RB1 Semicolon fairness  (98)
	fml : Id . LB1 atom_fml_para RB1  (112)

	LB1  shift 217
	.  error


state 169
	fairness_decl : Fairness LB3 fairness . RB3  (96)

	RB3  shift 218
	.  error


state 170
	fairness : fml . Semicolon fairness  (99)
	fml : fml . And fml  (114)
	fml : fml . Or fml  (115)

	Semicolon  shift 219
	And  shift 220
	Or  shift 221
	.  error


state 171
	specs : Id . Assigno fml Semicolon specs  (109)

	Assigno  shift 222
	.  error


state 172
	spec_decl : Spec LB3 specs . RB3  (107)

	RB3  shift 223
	.  error


state 173
	inputs : inputs Model Id LB1 parameters RB1 LB3 var_decl init_decl trans_decl atomic_decl fairness_decl spec_decl RB3 .  (7)

	.  reduce 7


state 174
	inputs : inputs Model Id LB1 parameters RB1 LB3 var_decl symbol_decl init_decl trans_decl atomic_decl spec_decl RB3 .  (6)

	.  reduce 6


state 175
	inputs : inputs Model Id LB1 parameters RB1 LB3 var_decl symbol_decl init_decl trans_decl atomic_decl fairness_decl spec_decl . RB3  (8)

	RB3  shift 224
	.  error


state 176
	vars : Id Colon expr_type LB2 exp RB2 . Semicolon vars  (22)

	Semicolon  shift 225
	.  error


state 177
	dexp : dexp . Equal dexp  (34)
	dexp : dexp . Non_equal dexp  (35)
	dexp : dexp . Ando dexp  (36)
	dexp : dexp . Oro dexp  (37)
	dexp : dexp . Add dexp  (38)
	dexp : dexp . Minus dexp  (39)
	dexp : dexp . Mult dexp  (40)
	dexp : dexp . Mod dexp  (41)
	dexp : dexp . LT dexp  (42)
	dexp : dexp . GT dexp  (43)
	dexp : dexp . LE dexp  (44)
	dexp : dexp . GE dexp  (45)
	dexp : LB1 dexp . RB1  (46)

	RB1  shift 226
	Equal  shift 185
	Add  shift 186
	Minus  shift 187
	Mult  shift 188
	Ando  shift 189
	Oro  shift 190
	Non_equal  shift 191
	Mod  shift 192
	LT  shift 193
	GT  shift 194
	LE  shift 195
	GE  shift 196
	.  error


178: shift/reduce conflict (shift 227, reduce 30) on RB1
state 178
	dexp : dnested_var .  (30)
	dnested_var : LB1 dnested_var . RB1  (53)

	RB1  shift 227
	Equal  reduce 30
	Add  reduce 30
	Minus  reduce 30
	Mult  reduce 30
	Ando  reduce 30
	Oro  reduce 30
	Non_equal  reduce 30
	Mod  reduce 30
	LT  reduce 30
	GT  reduce 30
	LE  reduce 30
	GE  reduce 30


state 179
	dexp : Minus dexp .  (32)
	dexp : dexp . Equal dexp  (34)
	dexp : dexp . Non_equal dexp  (35)
	dexp : dexp . Ando dexp  (36)
	dexp : dexp . Oro dexp  (37)
	dexp : dexp . Add dexp  (38)
	dexp : dexp . Minus dexp  (39)
	dexp : dexp . Mult dexp  (40)
	dexp : dexp . Mod dexp  (41)
	dexp : dexp . LT dexp  (42)
	dexp : dexp . GT dexp  (43)
	dexp : dexp . LE dexp  (44)
	dexp : dexp . GE dexp  (45)

	Equal  shift 185
	Mult  shift 188
	Non_equal  shift 191
	Mod  shift 192
	LT  shift 193
	GT  shift 194
	LE  shift 195
	GE  shift 196
	Semicolon  reduce 32
	RB1  reduce 32
	RB2  reduce 32
	Add  reduce 32
	Minus  reduce 32
	Ando  reduce 32
	Oro  reduce 32


state 180
	dexp : Scalar Id .  (31)

	.  reduce 31


state 181
	dexp : Nego dexp .  (33)
	dexp : dexp . Equal dexp  (34)
	dexp : dexp . Non_equal dexp  (35)
	dexp : dexp . Ando dexp  (36)
	dexp : dexp . Oro dexp  (37)
	dexp : dexp . Add dexp  (38)
	dexp : dexp . Minus dexp  (39)
	dexp : dexp . Mult dexp  (40)
	dexp : dexp . Mod dexp  (41)
	dexp : dexp . LT dexp  (42)
	dexp : dexp . GT dexp  (43)
	dexp : dexp . LE dexp  (44)
	dexp : dexp . GE dexp  (45)

	.  reduce 33


state 182
	dnested_var : Id Dot . Id  (47)
	dnested_var : Id Dot . Id LB2 dexp RB2  (49)
	dnested_var : Id Dot . dnested_var  (51)

	LB1  shift 228
	Id  shift 229
	.  error

	dnested_var  goto 230


state 183
	dexp : Id LB2 . dexp RB2  (29)
	dnested_var : Id LB2 . dexp RB2 Dot Id  (48)
	dnested_var : Id LB2 . dexp RB2 Dot Id LB2 dexp RB2  (50)
	dnested_var : Id LB2 . dexp RB2 Dot dnested_var  (52)

	LB1  shift 125
	Minus  shift 126
	Scalar  shift 127
	Nego  shift 128
	Id  shift 129
	I  shift 130
	B  shift 131
	.  error

	dexp  goto 231
	dnested_var  goto 133


state 184
	symbols : symbols Id Assigno dexp Semicolon .  (25)

	.  reduce 25


state 185
	dexp : dexp Equal . dexp  (34)

	LB1  shift 125
	Minus  shift 126
	Scalar  shift 127
	Nego  shift 128
	Id  shift 129
	I  shift 130
	B  shift 131
	.  error

	dexp  goto 232
	dnested_var  goto 133


state 186
	dexp : dexp Add . dexp  (38)

	LB1  shift 125
	Minus  shift 126
	Scalar  shift 127
	Nego  shift 128
	Id  shift 129
	I  shift 130
	B  shift 131
	.  error

	dexp  goto 233
	dnested_var  goto 133


state 187
	dexp : dexp Minus . dexp  (39)

	LB1  shift 125
	Minus  shift 126
	Scalar  shift 127
	Nego  shift 128
	Id  shift 129
	I  shift 130
	B  shift 131
	.  error

	dexp  goto 234
	dnested_var  goto 133


state 188
	dexp : dexp Mult . dexp  (40)

	LB1  shift 125
	Minus  shift 126
	Scalar  shift 127
	Nego  shift 128
	Id  shift 129
	I  shift 130
	B  shift 131
	.  error

	dexp  goto 235
	dnested_var  goto 133


state 189
	dexp : dexp Ando . dexp  (36)

	LB1  shift 125
	Minus  shift 126
	Scalar  shift 127
	Nego  shift 128
	Id  shift 129
	I  shift 130
	B  shift 131
	.  error

	dexp  goto 236
	dnested_var  goto 133


state 190
	dexp : dexp Oro . dexp  (37)

	LB1  shift 125
	Minus  shift 126
	Scalar  shift 127
	Nego  shift 128
	Id  shift 129
	I  shift 130
	B  shift 131
	.  error

	dexp  goto 237
	dnested_var  goto 133


state 191
	dexp : dexp Non_equal . dexp  (35)

	LB1  shift 125
	Minus  shift 126
	Scalar  shift 127
	Nego  shift 128
	Id  shift 129
	I  shift 130
	B  shift 131
	.  error

	dexp  goto 238
	dnested_var  goto 133


state 192
	dexp : dexp Mod . dexp  (41)

	LB1  shift 125
	Minus  shift 126
	Scalar  shift 127
	Nego  shift 128
	Id  shift 129
	I  shift 130
	B  shift 131
	.  error

	dexp  goto 239
	dnested_var  goto 133


state 193
	dexp : dexp LT . dexp  (42)

	LB1  shift 125
	Minus  shift 126
	Scalar  shift 127
	Nego  shift 128
	Id  shift 129
	I  shift 130
	B  shift 131
	.  error

	dexp  goto 240
	dnested_var  goto 133


state 194
	dexp : dexp GT . dexp  (43)

	LB1  shift 125
	Minus  shift 126
	Scalar  shift 127
	Nego  shift 128
	Id  shift 129
	I  shift 130
	B  shift 131
	.  error

	dexp  goto 241
	dnested_var  goto 133


state 195
	dexp : dexp LE . dexp  (44)

	LB1  shift 125
	Minus  shift 126
	Scalar  shift 127
	Nego  shift 128
	Id  shift 129
	I  shift 130
	B  shift 131
	.  error

	dexp  goto 242
	dnested_var  goto 133


state 196
	dexp : dexp GE . dexp  (45)

	LB1  shift 125
	Minus  shift 126
	Scalar  shift 127
	Nego  shift 128
	Id  shift 129
	I  shift 130
	B  shift 131
	.  error

	dexp  goto 243
	dnested_var  goto 133


state 197
	exps : exp Comma . exps  (61)
	exps : .  (59)

	LB1  shift 72
	Minus  shift 73
	Scalar  shift 74
	Nego  shift 75
	Id  shift 76
	I  shift 77
	B  shift 78
	RB1  reduce 59
	RB3  reduce 59

	exp  goto 134
	exps  goto 244
	nested_var  goto 80


state 198
	inis : Id Assigno LB3 exps RB3 . Semicolon inis  (57)

	Semicolon  shift 245
	.  error


199: shift/reduce conflict (shift 203, reduce 60) on RB1
state 199
	exps : exp .  (60)
	exps : exp . Comma exps  (61)
	exp : Id LB1 exp . RB1  (66)
	exp : exp . Equal exp  (71)
	exp : exp . Non_equal exp  (72)
	exp : exp . Ando exp  (73)
	exp : exp . Oro exp  (74)
	exp : exp . Add exp  (75)
	exp : exp . Minus exp  (76)
	exp : exp . Mult exp  (77)
	exp : exp . Mod exp  (78)
	exp : exp . LT exp  (79)
	exp : exp . GT exp  (80)
	exp : exp . LE exp  (81)
	exp : exp . GE exp  (82)

	Comma  shift 197
	RB1  shift 203
	Equal  shift 103
	Add  shift 104
	Minus  shift 105
	Mult  shift 106
	Ando  shift 107
	Oro  shift 108
	Non_equal  shift 109
	Mod  shift 110
	LT  shift 111
	GT  shift 112
	LE  shift 113
	GE  shift 114


state 200
	inis : Id Assigno Id LB1 exps . RB1 Semicolon inis  (58)

	RB1  shift 246
	.  error


state 201
	inis : Id Assigno exp Semicolon inis .  (56)

	.  reduce 56


state 202
	nested_var : Id LB2 . exp RB2 Dot Id  (85)
	nested_var : Id Dot Id LB2 . exp RB2  (86)
	nested_var : Id LB2 . exp RB2 Dot Id LB2 exp RB2  (87)
	nested_var : Id LB2 . exp RB2 Dot nested_var  (89)

	LB1  shift 72
	Minus  shift 73
	Scalar  shift 74
	Nego  shift 75
	Id  shift 76
	I  shift 77
	B  shift 78
	.  error

	exp  goto 247
	nested_var  goto 80


state 203
	exp : Id LB1 exp RB1 .  (66)

	.  reduce 66


state 204
	exp : Id LB2 exp RB2 .  (65)
	nested_var : Id LB2 exp RB2 . Dot Id  (85)
	nested_var : Id LB2 exp RB2 . Dot Id LB2 exp RB2  (87)
	nested_var : Id LB2 exp RB2 . Dot nested_var  (89)

	Dot  shift 248
	Colon  reduce 65
	Semicolon  reduce 65
	Comma  reduce 65
	RB1  reduce 65
	RB2  reduce 65
	RB3  reduce 65
	Equal  reduce 65
	Add  reduce 65
	Minus  reduce 65
	Mult  reduce 65
	Ando  reduce 65
	Oro  reduce 65
	Non_equal  reduce 65
	Mod  reduce 65
	LT  reduce 65
	GT  reduce 65
	LE  reduce 65
	GE  reduce 65


state 205
	rests : Id . Assigno exp Semicolon rests  (94)
	rests : Id . LB2 exp RB2 Assigno exp Semicolon rests  (95)

	LB2  shift 249
	Assigno  shift 250
	.  error


state 206
	trans : exp Colon LB3 rests . RB3 Semicolon trans  (92)

	RB3  shift 251
	.  error


state 207
	atomics : atomics Id LB1 . bound_var RB1 Assigno exp Semicolon  (102)
	bound_vars : .  (104)

	Id  shift 252
	RB1  reduce 104

	bound_var  goto 253
	bound_vars  goto 254


state 208
	fml : AX LB1 . Id Comma fml Comma Id RB1  (116)

	Id  shift 255
	.  error


state 209
	fml : EX LB1 . Id Comma fml Comma Id RB1  (117)

	Id  shift 256
	.  error


state 210
	fml : AF LB1 . Id Comma fml Comma Id RB1  (118)

	Id  shift 257
	.  error


state 211
	fml : EG LB1 . Id Comma fml Comma Id RB1  (119)

	Id  shift 258
	.  error


state 212
	fml : AR LB1 . Id Comma Id Comma fml Comma fml Comma Id RB1  (120)

	Id  shift 259
	.  error


state 213
	fml : EU LB1 . Id Comma Id Comma fml Comma fml Comma Id RB1  (121)

	Id  shift 260
	.  error


state 214
	fml : Id . LB1 atom_fml_para RB1  (112)

	LB1  shift 261
	.  error


state 215
	fml : Neg fml .  (113)
	fml : fml . And fml  (114)
	fml : fml . Or fml  (115)

	.  reduce 113


state 216
	fml : fml . And fml  (114)
	fml : fml . Or fml  (115)
	fml : LB1 fml . RB1  (122)

	RB1  shift 262
	And  shift 220
	Or  shift 221
	.  error


state 217
	fairness : Id LB1 . Id RB1 Semicolon fairness  (98)
	fml : Id LB1 . atom_fml_para RB1  (112)
	atom_fml_para : .  (123)

	Id  shift 263
	RB1  reduce 123

	atom_fml_para  goto 264


state 218
	fairness_decl : Fairness LB3 fairness RB3 .  (96)

	.  reduce 96


state 219
	fairness : fml Semicolon . fairness  (99)
	fairness : .  (97)

	Top  shift 158
	Bottom  shift 159
	AX  shift 160
	EX  shift 161
	AF  shift 162
	EG  shift 163
	AR  shift 164
	EU  shift 165
	Neg  shift 166
	LB1  shift 167
	Id  shift 168
	RB3  reduce 97

	fairness  goto 265
	fml  goto 170


state 220
	fml : fml And . fml  (114)

	Top  shift 158
	Bottom  shift 159
	AX  shift 160
	EX  shift 161
	AF  shift 162
	EG  shift 163
	AR  shift 164
	EU  shift 165
	Neg  shift 166
	LB1  shift 167
	Id  shift 214
	.  error

	fml  goto 266


state 221
	fml : fml Or . fml  (115)

	Top  shift 158
	Bottom  shift 159
	AX  shift 160
	EX  shift 161
	AF  shift 162
	EG  shift 163
	AR  shift 164
	EU  shift 165
	Neg  shift 166
	LB1  shift 167
	Id  shift 214
	.  error

	fml  goto 267


state 222
	specs : Id Assigno . fml Semicolon specs  (109)

	Top  shift 158
	Bottom  shift 159
	AX  shift 160
	EX  shift 161
	AF  shift 162
	EG  shift 163
	AR  shift 164
	EU  shift 165
	Neg  shift 166
	LB1  shift 167
	Id  shift 214
	.  error

	fml  goto 268


state 223
	spec_decl : Spec LB3 specs RB3 .  (107)

	.  reduce 107


state 224
	inputs : inputs Model Id LB1 parameters RB1 LB3 var_decl symbol_decl init_decl trans_decl atomic_decl fairness_decl spec_decl RB3 .  (8)

	.  reduce 8


state 225
	vars : Id Colon expr_type LB2 exp RB2 Semicolon . vars  (22)
	vars : .  (20)

	Id  shift 45
	RB3  reduce 20

	vars  goto 269


state 226
	dexp : LB1 dexp RB1 .  (46)

	.  reduce 46


state 227
	dnested_var : LB1 dnested_var RB1 .  (53)

	.  reduce 53


state 228
	dnested_var : LB1 . dnested_var RB1  (53)

	LB1  shift 228
	Id  shift 270
	.  error

	dnested_var  goto 271


state 229
	dnested_var : Id . Dot Id  (47)
	dnested_var : Id Dot Id .  (47)
	dnested_var : Id . LB2 dexp RB2 Dot Id  (48)
	dnested_var : Id . Dot Id LB2 dexp RB2  (49)
	dnested_var : Id Dot Id . LB2 dexp RB2  (49)
	dnested_var : Id . LB2 dexp RB2 Dot Id LB2 dexp RB2  (50)
	dnested_var : Id . Dot dnested_var  (51)
	dnested_var : Id . LB2 dexp RB2 Dot dnested_var  (52)

	Dot  shift 182
	LB2  shift 272
	Semicolon  reduce 47
	RB1  reduce 47
	RB2  reduce 47
	Equal  reduce 47
	Add  reduce 47
	Minus  reduce 47
	Mult  reduce 47
	Ando  reduce 47
	Oro  reduce 47
	Non_equal  reduce 47
	Mod  reduce 47
	LT  reduce 47
	GT  reduce 47
	LE  reduce 47
	GE  reduce 47


state 230
	dnested_var : Id Dot dnested_var .  (51)

	.  reduce 51


state 231
	dexp : Id LB2 dexp . RB2  (29)
	dexp : dexp . Equal dexp  (34)
	dexp : dexp . Non_equal dexp  (35)
	dexp : dexp . Ando dexp  (36)
	dexp : dexp . Oro dexp  (37)
	dexp : dexp . Add dexp  (38)
	dexp : dexp . Minus dexp  (39)
	dexp : dexp . Mult dexp  (40)
	dexp : dexp . Mod dexp  (41)
	dexp : dexp . LT dexp  (42)
	dexp : dexp . GT dexp  (43)
	dexp : dexp . LE dexp  (44)
	dexp : dexp . GE dexp  (45)
	dnested_var : Id LB2 dexp . RB2 Dot Id  (48)
	dnested_var : Id LB2 dexp . RB2 Dot Id LB2 dexp RB2  (50)
	dnested_var : Id LB2 dexp . RB2 Dot dnested_var  (52)

	RB2  shift 273
	Equal  shift 185
	Add  shift 186
	Minus  shift 187
	Mult  shift 188
	Ando  shift 189
	Oro  shift 190
	Non_equal  shift 191
	Mod  shift 192
	LT  shift 193
	GT  shift 194
	LE  shift 195
	GE  shift 196
	.  error


state 232
	dexp : dexp . Equal dexp  (34)
	dexp : dexp Equal dexp .  (34)
	dexp : dexp . Non_equal dexp  (35)
	dexp : dexp . Ando dexp  (36)
	dexp : dexp . Oro dexp  (37)
	dexp : dexp . Add dexp  (38)
	dexp : dexp . Minus dexp  (39)
	dexp : dexp . Mult dexp  (40)
	dexp : dexp . Mod dexp  (41)
	dexp : dexp . LT dexp  (42)
	dexp : dexp . GT dexp  (43)
	dexp : dexp . LE dexp  (44)
	dexp : dexp . GE dexp  (45)

	.  reduce 34


state 233
	dexp : dexp . Equal dexp  (34)
	dexp : dexp . Non_equal dexp  (35)
	dexp : dexp . Ando dexp  (36)
	dexp : dexp . Oro dexp  (37)
	dexp : dexp . Add dexp  (38)
	dexp : dexp Add dexp .  (38)
	dexp : dexp . Minus dexp  (39)
	dexp : dexp . Mult dexp  (40)
	dexp : dexp . Mod dexp  (41)
	dexp : dexp . LT dexp  (42)
	dexp : dexp . GT dexp  (43)
	dexp : dexp . LE dexp  (44)
	dexp : dexp . GE dexp  (45)

	Equal  shift 185
	Mult  shift 188
	Non_equal  shift 191
	Mod  shift 192
	LT  shift 193
	GT  shift 194
	LE  shift 195
	GE  shift 196
	Semicolon  reduce 38
	RB1  reduce 38
	RB2  reduce 38
	Add  reduce 38
	Minus  reduce 38
	Ando  reduce 38
	Oro  reduce 38


state 234
	dexp : dexp . Equal dexp  (34)
	dexp : dexp . Non_equal dexp  (35)
	dexp : dexp . Ando dexp  (36)
	dexp : dexp . Oro dexp  (37)
	dexp : dexp . Add dexp  (38)
	dexp : dexp . Minus dexp  (39)
	dexp : dexp Minus dexp .  (39)
	dexp : dexp . Mult dexp  (40)
	dexp : dexp . Mod dexp  (41)
	dexp : dexp . LT dexp  (42)
	dexp : dexp . GT dexp  (43)
	dexp : dexp . LE dexp  (44)
	dexp : dexp . GE dexp  (45)

	Equal  shift 185
	Mult  shift 188
	Non_equal  shift 191
	Mod  shift 192
	LT  shift 193
	GT  shift 194
	LE  shift 195
	GE  shift 196
	Semicolon  reduce 39
	RB1  reduce 39
	RB2  reduce 39
	Add  reduce 39
	Minus  reduce 39
	Ando  reduce 39
	Oro  reduce 39


state 235
	dexp : dexp . Equal dexp  (34)
	dexp : dexp . Non_equal dexp  (35)
	dexp : dexp . Ando dexp  (36)
	dexp : dexp . Oro dexp  (37)
	dexp : dexp . Add dexp  (38)
	dexp : dexp . Minus dexp  (39)
	dexp : dexp . Mult dexp  (40)
	dexp : dexp Mult dexp .  (40)
	dexp : dexp . Mod dexp  (41)
	dexp : dexp . LT dexp  (42)
	dexp : dexp . GT dexp  (43)
	dexp : dexp . LE dexp  (44)
	dexp : dexp . GE dexp  (45)

	Equal  shift 185
	Non_equal  shift 191
	Mod  shift 192
	LT  shift 193
	GT  shift 194
	LE  shift 195
	GE  shift 196
	Semicolon  reduce 40
	RB1  reduce 40
	RB2  reduce 40
	Add  reduce 40
	Minus  reduce 40
	Mult  reduce 40
	Ando  reduce 40
	Oro  reduce 40


state 236
	dexp : dexp . Equal dexp  (34)
	dexp : dexp . Non_equal dexp  (35)
	dexp : dexp . Ando dexp  (36)
	dexp : dexp Ando dexp .  (36)
	dexp : dexp . Oro dexp  (37)
	dexp : dexp . Add dexp  (38)
	dexp : dexp . Minus dexp  (39)
	dexp : dexp . Mult dexp  (40)
	dexp : dexp . Mod dexp  (41)
	dexp : dexp . LT dexp  (42)
	dexp : dexp . GT dexp  (43)
	dexp : dexp . LE dexp  (44)
	dexp : dexp . GE dexp  (45)

	Equal  shift 185
	Add  shift 186
	Minus  shift 187
	Mult  shift 188
	Non_equal  shift 191
	Mod  shift 192
	LT  shift 193
	GT  shift 194
	LE  shift 195
	GE  shift 196
	Semicolon  reduce 36
	RB1  reduce 36
	RB2  reduce 36
	Ando  reduce 36
	Oro  reduce 36


state 237
	dexp : dexp . Equal dexp  (34)
	dexp : dexp . Non_equal dexp  (35)
	dexp : dexp . Ando dexp  (36)
	dexp : dexp . Oro dexp  (37)
	dexp : dexp Oro dexp .  (37)
	dexp : dexp . Add dexp  (38)
	dexp : dexp . Minus dexp  (39)
	dexp : dexp . Mult dexp  (40)
	dexp : dexp . Mod dexp  (41)
	dexp : dexp . LT dexp  (42)
	dexp : dexp . GT dexp  (43)
	dexp : dexp . LE dexp  (44)
	dexp : dexp . GE dexp  (45)

	Equal  shift 185
	Add  shift 186
	Minus  shift 187
	Mult  shift 188
	Ando  shift 189
	Non_equal  shift 191
	Mod  shift 192
	LT  shift 193
	GT  shift 194
	LE  shift 195
	GE  shift 196
	Semicolon  reduce 37
	RB1  reduce 37
	RB2  reduce 37
	Oro  reduce 37


state 238
	dexp : dexp . Equal dexp  (34)
	dexp : dexp . Non_equal dexp  (35)
	dexp : dexp Non_equal dexp .  (35)
	dexp : dexp . Ando dexp  (36)
	dexp : dexp . Oro dexp  (37)
	dexp : dexp . Add dexp  (38)
	dexp : dexp . Minus dexp  (39)
	dexp : dexp . Mult dexp  (40)
	dexp : dexp . Mod dexp  (41)
	dexp : dexp . LT dexp  (42)
	dexp : dexp . GT dexp  (43)
	dexp : dexp . LE dexp  (44)
	dexp : dexp . GE dexp  (45)

	.  reduce 35


state 239
	dexp : dexp . Equal dexp  (34)
	dexp : dexp . Non_equal dexp  (35)
	dexp : dexp . Ando dexp  (36)
	dexp : dexp . Oro dexp  (37)
	dexp : dexp . Add dexp  (38)
	dexp : dexp . Minus dexp  (39)
	dexp : dexp . Mult dexp  (40)
	dexp : dexp . Mod dexp  (41)
	dexp : dexp Mod dexp .  (41)
	dexp : dexp . LT dexp  (42)
	dexp : dexp . GT dexp  (43)
	dexp : dexp . LE dexp  (44)
	dexp : dexp . GE dexp  (45)

	.  reduce 41


state 240
	dexp : dexp . Equal dexp  (34)
	dexp : dexp . Non_equal dexp  (35)
	dexp : dexp . Ando dexp  (36)
	dexp : dexp . Oro dexp  (37)
	dexp : dexp . Add dexp  (38)
	dexp : dexp . Minus dexp  (39)
	dexp : dexp . Mult dexp  (40)
	dexp : dexp . Mod dexp  (41)
	dexp : dexp . LT dexp  (42)
	dexp : dexp LT dexp .  (42)
	dexp : dexp . GT dexp  (43)
	dexp : dexp . LE dexp  (44)
	dexp : dexp . GE dexp  (45)

	.  reduce 42


state 241
	dexp : dexp . Equal dexp  (34)
	dexp : dexp . Non_equal dexp  (35)
	dexp : dexp . Ando dexp  (36)
	dexp : dexp . Oro dexp  (37)
	dexp : dexp . Add dexp  (38)
	dexp : dexp . Minus dexp  (39)
	dexp : dexp . Mult dexp  (40)
	dexp : dexp . Mod dexp  (41)
	dexp : dexp . LT dexp  (42)
	dexp : dexp . GT dexp  (43)
	dexp : dexp GT dexp .  (43)
	dexp : dexp . LE dexp  (44)
	dexp : dexp . GE dexp  (45)

	.  reduce 43


state 242
	dexp : dexp . Equal dexp  (34)
	dexp : dexp . Non_equal dexp  (35)
	dexp : dexp . Ando dexp  (36)
	dexp : dexp . Oro dexp  (37)
	dexp : dexp . Add dexp  (38)
	dexp : dexp . Minus dexp  (39)
	dexp : dexp . Mult dexp  (40)
	dexp : dexp . Mod dexp  (41)
	dexp : dexp . LT dexp  (42)
	dexp : dexp . GT dexp  (43)
	dexp : dexp . LE dexp  (44)
	dexp : dexp LE dexp .  (44)
	dexp : dexp . GE dexp  (45)

	.  reduce 44


state 243
	dexp : dexp . Equal dexp  (34)
	dexp : dexp . Non_equal dexp  (35)
	dexp : dexp . Ando dexp  (36)
	dexp : dexp . Oro dexp  (37)
	dexp : dexp . Add dexp  (38)
	dexp : dexp . Minus dexp  (39)
	dexp : dexp . Mult dexp  (40)
	dexp : dexp . Mod dexp  (41)
	dexp : dexp . LT dexp  (42)
	dexp : dexp . GT dexp  (43)
	dexp : dexp . LE dexp  (44)
	dexp : dexp . GE dexp  (45)
	dexp : dexp GE dexp .  (45)

	.  reduce 45


state 244
	exps : exp Comma exps .  (61)

	.  reduce 61


state 245
	inis : Id Assigno LB3 exps RB3 Semicolon . inis  (57)
	inis : .  (55)

	Id  shift 59
	RB3  reduce 55

	inis  goto 274


state 246
	inis : Id Assigno Id LB1 exps RB1 . Semicolon inis  (58)

	Semicolon  shift 275
	.  error


state 247
	exp : exp . Equal exp  (71)
	exp : exp . Non_equal exp  (72)
	exp : exp . Ando exp  (73)
	exp : exp . Oro exp  (74)
	exp : exp . Add exp  (75)
	exp : exp . Minus exp  (76)
	exp : exp . Mult exp  (77)
	exp : exp . Mod exp  (78)
	exp : exp . LT exp  (79)
	exp : exp . GT exp  (80)
	exp : exp . LE exp  (81)
	exp : exp . GE exp  (82)
	nested_var : Id LB2 exp . RB2 Dot Id  (85)
	nested_var : Id Dot Id LB2 exp . RB2  (86)
	nested_var : Id LB2 exp . RB2 Dot Id LB2 exp RB2  (87)
	nested_var : Id LB2 exp . RB2 Dot nested_var  (89)

	RB2  shift 276
	Equal  shift 103
	Add  shift 104
	Minus  shift 105
	Mult  shift 106
	Ando  shift 107
	Oro  shift 108
	Non_equal  shift 109
	Mod  shift 110
	LT  shift 111
	GT  shift 112
	LE  shift 113
	GE  shift 114
	.  error


state 248
	nested_var : Id LB2 exp RB2 Dot . Id  (85)
	nested_var : Id LB2 exp RB2 Dot . Id LB2 exp RB2  (87)
	nested_var : Id LB2 exp RB2 Dot . nested_var  (89)

	Id  shift 277
	.  error

	nested_var  goto 278


state 249
	rests : Id LB2 . exp RB2 Assigno exp Semicolon rests  (95)

	LB1  shift 72
	Minus  shift 73
	Scalar  shift 74
	Nego  shift 75
	Id  shift 76
	I  shift 77
	B  shift 78
	.  error

	exp  goto 279
	nested_var  goto 80


state 250
	rests : Id Assigno . exp Semicolon rests  (94)

	LB1  shift 72
	Minus  shift 73
	Scalar  shift 74
	Nego  shift 75
	Id  shift 76
	I  shift 77
	B  shift 78
	.  error

	exp  goto 280
	nested_var  goto 80


state 251
	trans : exp Colon LB3 rests RB3 . Semicolon trans  (92)

	Semicolon  shift 281
	.  error


state 252
	bound_vars : Id .  (105)
	bound_vars : Id . Comma bound_vars  (106)

	Comma  shift 282
	RB1  reduce 105


state 253
	atomics : atomics Id LB1 bound_var . RB1 Assigno exp Semicolon  (102)

	RB1  shift 283
	.  error


state 254
	bound_var : bound_vars .  (103)

	.  reduce 103


state 255
	fml : AX LB1 Id . Comma fml Comma Id RB1  (116)

	Comma  shift 284
	.  error


state 256
	fml : EX LB1 Id . Comma fml Comma Id RB1  (117)

	Comma  shift 285
	.  error


state 257
	fml : AF LB1 Id . Comma fml Comma Id RB1  (118)

	Comma  shift 286
	.  error


state 258
	fml : EG LB1 Id . Comma fml Comma Id RB1  (119)

	Comma  shift 287
	.  error


state 259
	fml : AR LB1 Id . Comma Id Comma fml Comma fml Comma Id RB1  (120)

	Comma  shift 288
	.  error


state 260
	fml : EU LB1 Id . Comma Id Comma fml Comma fml Comma Id RB1  (121)

	Comma  shift 289
	.  error


state 261
	fml : Id LB1 . atom_fml_para RB1  (112)
	atom_fml_para : .  (123)

	Id  shift 290
	RB1  reduce 123

	atom_fml_para  goto 264


state 262
	fml : LB1 fml RB1 .  (122)

	.  reduce 122


263: shift/reduce conflict (shift 292, reduce 124) on RB1
state 263
	fairness : Id LB1 Id . RB1 Semicolon fairness  (98)
	atom_fml_para : Id .  (124)
	atom_fml_para : Id . Comma atom_fml_para  (125)

	Comma  shift 291
	RB1  shift 292


state 264
	fml : Id LB1 atom_fml_para . RB1  (112)

	RB1  shift 293
	.  error


state 265
	fairness : fml Semicolon fairness .  (99)

	.  reduce 99


state 266
	fml : fml . And fml  (114)
	fml : fml And fml .  (114)
	fml : fml . Or fml  (115)

	.  reduce 114


state 267
	fml : fml . And fml  (114)
	fml : fml . Or fml  (115)
	fml : fml Or fml .  (115)

	And  shift 220
	Semicolon  reduce 115
	Comma  reduce 115
	RB1  reduce 115
	Or  reduce 115


state 268
	specs : Id Assigno fml . Semicolon specs  (109)
	fml : fml . And fml  (114)
	fml : fml . Or fml  (115)

	Semicolon  shift 294
	And  shift 220
	Or  shift 221
	.  error


state 269
	vars : Id Colon expr_type LB2 exp RB2 Semicolon vars .  (22)

	.  reduce 22


state 270
	dnested_var : Id . Dot Id  (47)
	dnested_var : Id . LB2 dexp RB2 Dot Id  (48)
	dnested_var : Id . Dot Id LB2 dexp RB2  (49)
	dnested_var : Id . LB2 dexp RB2 Dot Id LB2 dexp RB2  (50)
	dnested_var : Id . Dot dnested_var  (51)
	dnested_var : Id . LB2 dexp RB2 Dot dnested_var  (52)

	Dot  shift 182
	LB2  shift 295
	.  error


state 271
	dnested_var : LB1 dnested_var . RB1  (53)

	RB1  shift 227
	.  error


state 272
	dnested_var : Id LB2 . dexp RB2 Dot Id  (48)
	dnested_var : Id Dot Id LB2 . dexp RB2  (49)
	dnested_var : Id LB2 . dexp RB2 Dot Id LB2 dexp RB2  (50)
	dnested_var : Id LB2 . dexp RB2 Dot dnested_var  (52)

	LB1  shift 125
	Minus  shift 126
	Scalar  shift 127
	Nego  shift 128
	Id  shift 129
	I  shift 130
	B  shift 131
	.  error

	dexp  goto 296
	dnested_var  goto 133


state 273
	dexp : Id LB2 dexp RB2 .  (29)
	dnested_var : Id LB2 dexp RB2 . Dot Id  (48)
	dnested_var : Id LB2 dexp RB2 . Dot Id LB2 dexp RB2  (50)
	dnested_var : Id LB2 dexp RB2 . Dot dnested_var  (52)

	Dot  shift 297
	Semicolon  reduce 29
	RB1  reduce 29
	RB2  reduce 29
	Equal  reduce 29
	Add  reduce 29
	Minus  reduce 29
	Mult  reduce 29
	Ando  reduce 29
	Oro  reduce 29
	Non_equal  reduce 29
	Mod  reduce 29
	LT  reduce 29
	GT  reduce 29
	LE  reduce 29
	GE  reduce 29


state 274
	inis : Id Assigno LB3 exps RB3 Semicolon inis .  (57)

	.  reduce 57


state 275
	inis : Id Assigno Id LB1 exps RB1 Semicolon . inis  (58)
	inis : .  (55)

	Id  shift 59
	RB3  reduce 55

	inis  goto 298


state 276
	nested_var : Id LB2 exp RB2 . Dot Id  (85)
	nested_var : Id Dot Id LB2 exp RB2 .  (86)
	nested_var : Id LB2 exp RB2 . Dot Id LB2 exp RB2  (87)
	nested_var : Id LB2 exp RB2 . Dot nested_var  (89)

	Dot  shift 248
	Colon  reduce 86
	Semicolon  reduce 86
	Comma  reduce 86
	RB1  reduce 86
	RB2  reduce 86
	RB3  reduce 86
	Equal  reduce 86
	Add  reduce 86
	Minus  reduce 86
	Mult  reduce 86
	Ando  reduce 86
	Oro  reduce 86
	Non_equal  reduce 86
	Mod  reduce 86
	LT  reduce 86
	GT  reduce 86
	LE  reduce 86
	GE  reduce 86


state 277
	nested_var : Id . Dot Id  (84)
	nested_var : Id . LB2 exp RB2 Dot Id  (85)
	nested_var : Id LB2 exp RB2 Dot Id .  (85)
	nested_var : Id . Dot Id LB2 exp RB2  (86)
	nested_var : Id . LB2 exp RB2 Dot Id LB2 exp RB2  (87)
	nested_var : Id LB2 exp RB2 Dot Id . LB2 exp RB2  (87)
	nested_var : Id . Dot nested_var  (88)
	nested_var : Id . LB2 exp RB2 Dot nested_var  (89)

	Dot  shift 99
	LB2  shift 299
	Colon  reduce 85
	Semicolon  reduce 85
	Comma  reduce 85
	RB1  reduce 85
	RB2  reduce 85
	RB3  reduce 85
	Equal  reduce 85
	Add  reduce 85
	Minus  reduce 85
	Mult  reduce 85
	Ando  reduce 85
	Oro  reduce 85
	Non_equal  reduce 85
	Mod  reduce 85
	LT  reduce 85
	GT  reduce 85
	LE  reduce 85
	GE  reduce 85


state 278
	nested_var : Id LB2 exp RB2 Dot nested_var .  (89)

	.  reduce 89


state 279
	exp : exp . Equal exp  (71)
	exp : exp . Non_equal exp  (72)
	exp : exp . Ando exp  (73)
	exp : exp . Oro exp  (74)
	exp : exp . Add exp  (75)
	exp : exp . Minus exp  (76)
	exp : exp . Mult exp  (77)
	exp : exp . Mod exp  (78)
	exp : exp . LT exp  (79)
	exp : exp . GT exp  (80)
	exp : exp . LE exp  (81)
	exp : exp . GE exp  (82)
	rests : Id LB2 exp . RB2 Assigno exp Semicolon rests  (95)

	RB2  shift 300
	Equal  shift 103
	Add  shift 104
	Minus  shift 105
	Mult  shift 106
	Ando  shift 107
	Oro  shift 108
	Non_equal  shift 109
	Mod  shift 110
	LT  shift 111
	GT  shift 112
	LE  shift 113
	GE  shift 114
	.  error


state 280
	exp : exp . Equal exp  (71)
	exp : exp . Non_equal exp  (72)
	exp : exp . Ando exp  (73)
	exp : exp . Oro exp  (74)
	exp : exp . Add exp  (75)
	exp : exp . Minus exp  (76)
	exp : exp . Mult exp  (77)
	exp : exp . Mod exp  (78)
	exp : exp . LT exp  (79)
	exp : exp . GT exp  (80)
	exp : exp . LE exp  (81)
	exp : exp . GE exp  (82)
	rests : Id Assigno exp . Semicolon rests  (94)

	Semicolon  shift 301
	Equal  shift 103
	Add  shift 104
	Minus  shift 105
	Mult  shift 106
	Ando  shift 107
	Oro  shift 108
	Non_equal  shift 109
	Mod  shift 110
	LT  shift 111
	GT  shift 112
	LE  shift 113
	GE  shift 114
	.  error


state 281
	trans : exp Colon LB3 rests RB3 Semicolon . trans  (92)
	trans : .  (91)

	LB1  shift 72
	Minus  shift 73
	Scalar  shift 74
	Nego  shift 75
	Id  shift 76
	I  shift 77
	B  shift 78
	RB3  reduce 91

	exp  goto 79
	nested_var  goto 80
	trans  goto 302


state 282
	bound_vars : Id Comma . bound_vars  (106)
	bound_vars : .  (104)

	Id  shift 252
	RB1  reduce 104

	bound_vars  goto 303


state 283
	atomics : atomics Id LB1 bound_var RB1 . Assigno exp Semicolon  (102)

	Assigno  shift 304
	.  error


state 284
	fml : AX LB1 Id Comma . fml Comma Id RB1  (116)

	Top  shift 158
	Bottom  shift 159
	AX  shift 160
	EX  shift 161
	AF  shift 162
	EG  shift 163
	AR  shift 164
	EU  shift 165
	Neg  shift 166
	LB1  shift 167
	Id  shift 214
	.  error

	fml  goto 305


state 285
	fml : EX LB1 Id Comma . fml Comma Id RB1  (117)

	Top  shift 158
	Bottom  shift 159
	AX  shift 160
	EX  shift 161
	AF  shift 162
	EG  shift 163
	AR  shift 164
	EU  shift 165
	Neg  shift 166
	LB1  shift 167
	Id  shift 214
	.  error

	fml  goto 306


state 286
	fml : AF LB1 Id Comma . fml Comma Id RB1  (118)

	Top  shift 158
	Bottom  shift 159
	AX  shift 160
	EX  shift 161
	AF  shift 162
	EG  shift 163
	AR  shift 164
	EU  shift 165
	Neg  shift 166
	LB1  shift 167
	Id  shift 214
	.  error

	fml  goto 307


state 287
	fml : EG LB1 Id Comma . fml Comma Id RB1  (119)

	Top  shift 158
	Bottom  shift 159
	AX  shift 160
	EX  shift 161
	AF  shift 162
	EG  shift 163
	AR  shift 164
	EU  shift 165
	Neg  shift 166
	LB1  shift 167
	Id  shift 214
	.  error

	fml  goto 308


state 288
	fml : AR LB1 Id Comma . Id Comma fml Comma fml Comma Id RB1  (120)

	Id  shift 309
	.  error


state 289
	fml : EU LB1 Id Comma . Id Comma fml Comma fml Comma Id RB1  (121)

	Id  shift 310
	.  error


state 290
	atom_fml_para : Id .  (124)
	atom_fml_para : Id . Comma atom_fml_para  (125)

	Comma  shift 291
	RB1  reduce 124


state 291
	atom_fml_para : Id Comma . atom_fml_para  (125)
	atom_fml_para : .  (123)

	Id  shift 290
	RB1  reduce 123

	atom_fml_para  goto 311


state 292
	fairness : Id LB1 Id RB1 . Semicolon fairness  (98)

	Semicolon  shift 312
	.  error


state 293
	fml : Id LB1 atom_fml_para RB1 .  (112)

	.  reduce 112


state 294
	specs : Id Assigno fml Semicolon . specs  (109)
	specs : .  (108)

	Id  shift 171
	RB3  reduce 108

	specs  goto 313


state 295
	dnested_var : Id LB2 . dexp RB2 Dot Id  (48)
	dnested_var : Id LB2 . dexp RB2 Dot Id LB2 dexp RB2  (50)
	dnested_var : Id LB2 . dexp RB2 Dot dnested_var  (52)

	LB1  shift 125
	Minus  shift 126
	Scalar  shift 127
	Nego  shift 128
	Id  shift 129
	I  shift 130
	B  shift 131
	.  error

	dexp  goto 314
	dnested_var  goto 133


state 296
	dexp : dexp . Equal dexp  (34)
	dexp : dexp . Non_equal dexp  (35)
	dexp : dexp . Ando dexp  (36)
	dexp : dexp . Oro dexp  (37)
	dexp : dexp . Add dexp  (38)
	dexp : dexp . Minus dexp  (39)
	dexp : dexp . Mult dexp  (40)
	dexp : dexp . Mod dexp  (41)
	dexp : dexp . LT dexp  (42)
	dexp : dexp . GT dexp  (43)
	dexp : dexp . LE dexp  (44)
	dexp : dexp . GE dexp  (45)
	dnested_var : Id LB2 dexp . RB2 Dot Id  (48)
	dnested_var : Id Dot Id LB2 dexp . RB2  (49)
	dnested_var : Id LB2 dexp . RB2 Dot Id LB2 dexp RB2  (50)
	dnested_var : Id LB2 dexp . RB2 Dot dnested_var  (52)

	RB2  shift 315
	Equal  shift 185
	Add  shift 186
	Minus  shift 187
	Mult  shift 188
	Ando  shift 189
	Oro  shift 190
	Non_equal  shift 191
	Mod  shift 192
	LT  shift 193
	GT  shift 194
	LE  shift 195
	GE  shift 196
	.  error


state 297
	dnested_var : Id LB2 dexp RB2 Dot . Id  (48)
	dnested_var : Id LB2 dexp RB2 Dot . Id LB2 dexp RB2  (50)
	dnested_var : Id LB2 dexp RB2 Dot . dnested_var  (52)

	LB1  shift 228
	Id  shift 316
	.  error

	dnested_var  goto 317


state 298
	inis : Id Assigno Id LB1 exps RB1 Semicolon inis .  (58)

	.  reduce 58


state 299
	nested_var : Id LB2 . exp RB2 Dot Id  (85)
	nested_var : Id LB2 . exp RB2 Dot Id LB2 exp RB2  (87)
	nested_var : Id LB2 exp RB2 Dot Id LB2 . exp RB2  (87)
	nested_var : Id LB2 . exp RB2 Dot nested_var  (89)

	LB1  shift 72
	Minus  shift 73
	Scalar  shift 74
	Nego  shift 75
	Id  shift 76
	I  shift 77
	B  shift 78
	.  error

	exp  goto 318
	nested_var  goto 80


state 300
	rests : Id LB2 exp RB2 . Assigno exp Semicolon rests  (95)

	Assigno  shift 319
	.  error


state 301
	rests : Id Assigno exp Semicolon . rests  (94)
	rests : .  (93)

	Id  shift 205
	RB3  reduce 93

	rests  goto 320


state 302
	trans : exp Colon LB3 rests RB3 Semicolon trans .  (92)

	.  reduce 92


state 303
	bound_vars : Id Comma bound_vars .  (106)

	.  reduce 106


state 304
	atomics : atomics Id LB1 bound_var RB1 Assigno . exp Semicolon  (102)

	LB1  shift 72
	Minus  shift 73
	Scalar  shift 74
	Nego  shift 75
	Id  shift 76
	I  shift 77
	B  shift 78
	.  error

	exp  goto 321
	nested_var  goto 80


state 305
	fml : fml . And fml  (114)
	fml : fml . Or fml  (115)
	fml : AX LB1 Id Comma fml . Comma Id RB1  (116)

	Comma  shift 322
	And  shift 220
	Or  shift 221
	.  error


state 306
	fml : fml . And fml  (114)
	fml : fml . Or fml  (115)
	fml : EX LB1 Id Comma fml . Comma Id RB1  (117)

	Comma  shift 323
	And  shift 220
	Or  shift 221
	.  error


state 307
	fml : fml . And fml  (114)
	fml : fml . Or fml  (115)
	fml : AF LB1 Id Comma fml . Comma Id RB1  (118)

	Comma  shift 324
	And  shift 220
	Or  shift 221
	.  error


state 308
	fml : fml . And fml  (114)
	fml : fml . Or fml  (115)
	fml : EG LB1 Id Comma fml . Comma Id RB1  (119)

	Comma  shift 325
	And  shift 220
	Or  shift 221
	.  error


state 309
	fml : AR LB1 Id Comma Id . Comma fml Comma fml Comma Id RB1  (120)

	Comma  shift 326
	.  error


state 310
	fml : EU LB1 Id Comma Id . Comma fml Comma fml Comma Id RB1  (121)

	Comma  shift 327
	.  error


state 311
	atom_fml_para : Id Comma atom_fml_para .  (125)

	.  reduce 125


state 312
	fairness : Id LB1 Id RB1 Semicolon . fairness  (98)
	fairness : .  (97)

	Top  shift 158
	Bottom  shift 159
	AX  shift 160
	EX  shift 161
	AF  shift 162
	EG  shift 163
	AR  shift 164
	EU  shift 165
	Neg  shift 166
	LB1  shift 167
	Id  shift 168
	RB3  reduce 97

	fairness  goto 328
	fml  goto 170


state 313
	specs : Id Assigno fml Semicolon specs .  (109)

	.  reduce 109


state 314
	dexp : dexp . Equal dexp  (34)
	dexp : dexp . Non_equal dexp  (35)
	dexp : dexp . Ando dexp  (36)
	dexp : dexp . Oro dexp  (37)
	dexp : dexp . Add dexp  (38)
	dexp : dexp . Minus dexp  (39)
	dexp : dexp . Mult dexp  (40)
	dexp : dexp . Mod dexp  (41)
	dexp : dexp . LT dexp  (42)
	dexp : dexp . GT dexp  (43)
	dexp : dexp . LE dexp  (44)
	dexp : dexp . GE dexp  (45)
	dnested_var : Id LB2 dexp . RB2 Dot Id  (48)
	dnested_var : Id LB2 dexp . RB2 Dot Id LB2 dexp RB2  (50)
	dnested_var : Id LB2 dexp . RB2 Dot dnested_var  (52)

	RB2  shift 329
	Equal  shift 185
	Add  shift 186
	Minus  shift 187
	Mult  shift 188
	Ando  shift 189
	Oro  shift 190
	Non_equal  shift 191
	Mod  shift 192
	LT  shift 193
	GT  shift 194
	LE  shift 195
	GE  shift 196
	.  error


state 315
	dnested_var : Id LB2 dexp RB2 . Dot Id  (48)
	dnested_var : Id Dot Id LB2 dexp RB2 .  (49)
	dnested_var : Id LB2 dexp RB2 . Dot Id LB2 dexp RB2  (50)
	dnested_var : Id LB2 dexp RB2 . Dot dnested_var  (52)

	Dot  shift 297
	Semicolon  reduce 49
	RB1  reduce 49
	RB2  reduce 49
	Equal  reduce 49
	Add  reduce 49
	Minus  reduce 49
	Mult  reduce 49
	Ando  reduce 49
	Oro  reduce 49
	Non_equal  reduce 49
	Mod  reduce 49
	LT  reduce 49
	GT  reduce 49
	LE  reduce 49
	GE  reduce 49


state 316
	dnested_var : Id . Dot Id  (47)
	dnested_var : Id . LB2 dexp RB2 Dot Id  (48)
	dnested_var : Id LB2 dexp RB2 Dot Id .  (48)
	dnested_var : Id . Dot Id LB2 dexp RB2  (49)
	dnested_var : Id . LB2 dexp RB2 Dot Id LB2 dexp RB2  (50)
	dnested_var : Id LB2 dexp RB2 Dot Id . LB2 dexp RB2  (50)
	dnested_var : Id . Dot dnested_var  (51)
	dnested_var : Id . LB2 dexp RB2 Dot dnested_var  (52)

	Dot  shift 182
	LB2  shift 330
	Semicolon  reduce 48
	RB1  reduce 48
	RB2  reduce 48
	Equal  reduce 48
	Add  reduce 48
	Minus  reduce 48
	Mult  reduce 48
	Ando  reduce 48
	Oro  reduce 48
	Non_equal  reduce 48
	Mod  reduce 48
	LT  reduce 48
	GT  reduce 48
	LE  reduce 48
	GE  reduce 48


state 317
	dnested_var : Id LB2 dexp RB2 Dot dnested_var .  (52)

	.  reduce 52


state 318
	exp : exp . Equal exp  (71)
	exp : exp . Non_equal exp  (72)
	exp : exp . Ando exp  (73)
	exp : exp . Oro exp  (74)
	exp : exp . Add exp  (75)
	exp : exp . Minus exp  (76)
	exp : exp . Mult exp  (77)
	exp : exp . Mod exp  (78)
	exp : exp . LT exp  (79)
	exp : exp . GT exp  (80)
	exp : exp . LE exp  (81)
	exp : exp . GE exp  (82)
	nested_var : Id LB2 exp . RB2 Dot Id  (85)
	nested_var : Id LB2 exp . RB2 Dot Id LB2 exp RB2  (87)
	nested_var : Id LB2 exp RB2 Dot Id LB2 exp . RB2  (87)
	nested_var : Id LB2 exp . RB2 Dot nested_var  (89)

	RB2  shift 331
	Equal  shift 103
	Add  shift 104
	Minus  shift 105
	Mult  shift 106
	Ando  shift 107
	Oro  shift 108
	Non_equal  shift 109
	Mod  shift 110
	LT  shift 111
	GT  shift 112
	LE  shift 113
	GE  shift 114
	.  error


state 319
	rests : Id LB2 exp RB2 Assigno . exp Semicolon rests  (95)

	LB1  shift 72
	Minus  shift 73
	Scalar  shift 74
	Nego  shift 75
	Id  shift 76
	I  shift 77
	B  shift 78
	.  error

	exp  goto 332
	nested_var  goto 80


state 320
	rests : Id Assigno exp Semicolon rests .  (94)

	.  reduce 94


state 321
	exp : exp . Equal exp  (71)
	exp : exp . Non_equal exp  (72)
	exp : exp . Ando exp  (73)
	exp : exp . Oro exp  (74)
	exp : exp . Add exp  (75)
	exp : exp . Minus exp  (76)
	exp : exp . Mult exp  (77)
	exp : exp . Mod exp  (78)
	exp : exp . LT exp  (79)
	exp : exp . GT exp  (80)
	exp : exp . LE exp  (81)
	exp : exp . GE exp  (82)
	atomics : atomics Id LB1 bound_var RB1 Assigno exp . Semicolon  (102)

	Semicolon  shift 333
	Equal  shift 103
	Add  shift 104
	Minus  shift 105
	Mult  shift 106
	Ando  shift 107
	Oro  shift 108
	Non_equal  shift 109
	Mod  shift 110
	LT  shift 111
	GT  shift 112
	LE  shift 113
	GE  shift 114
	.  error


state 322
	fml : AX LB1 Id Comma fml Comma . Id RB1  (116)

	Id  shift 334
	.  error


state 323
	fml : EX LB1 Id Comma fml Comma . Id RB1  (117)

	Id  shift 335
	.  error


state 324
	fml : AF LB1 Id Comma fml Comma . Id RB1  (118)

	Id  shift 336
	.  error


state 325
	fml : EG LB1 Id Comma fml Comma . Id RB1  (119)

	Id  shift 337
	.  error


state 326
	fml : AR LB1 Id Comma Id Comma . fml Comma fml Comma Id RB1  (120)

	Top  shift 158
	Bottom  shift 159
	AX  shift 160
	EX  shift 161
	AF  shift 162
	EG  shift 163
	AR  shift 164
	EU  shift 165
	Neg  shift 166
	LB1  shift 167
	Id  shift 214
	.  error

	fml  goto 338


state 327
	fml : EU LB1 Id Comma Id Comma . fml Comma fml Comma Id RB1  (121)

	Top  shift 158
	Bottom  shift 159
	AX  shift 160
	EX  shift 161
	AF  shift 162
	EG  shift 163
	AR  shift 164
	EU  shift 165
	Neg  shift 166
	LB1  shift 167
	Id  shift 214
	.  error

	fml  goto 339


state 328
	fairness : Id LB1 Id RB1 Semicolon fairness .  (98)

	.  reduce 98


state 329
	dnested_var : Id LB2 dexp RB2 . Dot Id  (48)
	dnested_var : Id LB2 dexp RB2 . Dot Id LB2 dexp RB2  (50)
	dnested_var : Id LB2 dexp RB2 . Dot dnested_var  (52)

	Dot  shift 297
	.  error


state 330
	dnested_var : Id LB2 . dexp RB2 Dot Id  (48)
	dnested_var : Id LB2 . dexp RB2 Dot Id LB2 dexp RB2  (50)
	dnested_var : Id LB2 dexp RB2 Dot Id LB2 . dexp RB2  (50)
	dnested_var : Id LB2 . dexp RB2 Dot dnested_var  (52)

	LB1  shift 125
	Minus  shift 126
	Scalar  shift 127
	Nego  shift 128
	Id  shift 129
	I  shift 130
	B  shift 131
	.  error

	dexp  goto 340
	dnested_var  goto 133


state 331
	nested_var : Id LB2 exp RB2 . Dot Id  (85)
	nested_var : Id LB2 exp RB2 . Dot Id LB2 exp RB2  (87)
	nested_var : Id LB2 exp RB2 Dot Id LB2 exp RB2 .  (87)
	nested_var : Id LB2 exp RB2 . Dot nested_var  (89)

	Dot  shift 248
	Colon  reduce 87
	Semicolon  reduce 87
	Comma  reduce 87
	RB1  reduce 87
	RB2  reduce 87
	RB3  reduce 87
	Equal  reduce 87
	Add  reduce 87
	Minus  reduce 87
	Mult  reduce 87
	Ando  reduce 87
	Oro  reduce 87
	Non_equal  reduce 87
	Mod  reduce 87
	LT  reduce 87
	GT  reduce 87
	LE  reduce 87
	GE  reduce 87


state 332
	exp : exp . Equal exp  (71)
	exp : exp . Non_equal exp  (72)
	exp : exp . Ando exp  (73)
	exp : exp . Oro exp  (74)
	exp : exp . Add exp  (75)
	exp : exp . Minus exp  (76)
	exp : exp . Mult exp  (77)
	exp : exp . Mod exp  (78)
	exp : exp . LT exp  (79)
	exp : exp . GT exp  (80)
	exp : exp . LE exp  (81)
	exp : exp . GE exp  (82)
	rests : Id LB2 exp RB2 Assigno exp . Semicolon rests  (95)

	Semicolon  shift 341
	Equal  shift 103
	Add  shift 104
	Minus  shift 105
	Mult  shift 106
	Ando  shift 107
	Oro  shift 108
	Non_equal  shift 109
	Mod  shift 110
	LT  shift 111
	GT  shift 112
	LE  shift 113
	GE  shift 114
	.  error


state 333
	atomics : atomics Id LB1 bound_var RB1 Assigno exp Semicolon .  (102)

	.  reduce 102


state 334
	fml : AX LB1 Id Comma fml Comma Id . RB1  (116)

	RB1  shift 342
	.  error


state 335
	fml : EX LB1 Id Comma fml Comma Id . RB1  (117)

	RB1  shift 343
	.  error


state 336
	fml : AF LB1 Id Comma fml Comma Id . RB1  (118)

	RB1  shift 344
	.  error


state 337
	fml : EG LB1 Id Comma fml Comma Id . RB1  (119)

	RB1  shift 345
	.  error


state 338
	fml : fml . And fml  (114)
	fml : fml . Or fml  (115)
	fml : AR LB1 Id Comma Id Comma fml . Comma fml Comma Id RB1  (120)

	Comma  shift 346
	And  shift 220
	Or  shift 221
	.  error


state 339
	fml : fml . And fml  (114)
	fml : fml . Or fml  (115)
	fml : EU LB1 Id Comma Id Comma fml . Comma fml Comma Id RB1  (121)

	Comma  shift 347
	And  shift 220
	Or  shift 221
	.  error


state 340
	dexp : dexp . Equal dexp  (34)
	dexp : dexp . Non_equal dexp  (35)
	dexp : dexp . Ando dexp  (36)
	dexp : dexp . Oro dexp  (37)
	dexp : dexp . Add dexp  (38)
	dexp : dexp . Minus dexp  (39)
	dexp : dexp . Mult dexp  (40)
	dexp : dexp . Mod dexp  (41)
	dexp : dexp . LT dexp  (42)
	dexp : dexp . GT dexp  (43)
	dexp : dexp . LE dexp  (44)
	dexp : dexp . GE dexp  (45)
	dnested_var : Id LB2 dexp . RB2 Dot Id  (48)
	dnested_var : Id LB2 dexp . RB2 Dot Id LB2 dexp RB2  (50)
	dnested_var : Id LB2 dexp RB2 Dot Id LB2 dexp . RB2  (50)
	dnested_var : Id LB2 dexp . RB2 Dot dnested_var  (52)

	RB2  shift 348
	Equal  shift 185
	Add  shift 186
	Minus  shift 187
	Mult  shift 188
	Ando  shift 189
	Oro  shift 190
	Non_equal  shift 191
	Mod  shift 192
	LT  shift 193
	GT  shift 194
	LE  shift 195
	GE  shift 196
	.  error


state 341
	rests : Id LB2 exp RB2 Assigno exp Semicolon . rests  (95)
	rests : .  (93)

	Id  shift 205
	RB3  reduce 93

	rests  goto 349


state 342
	fml : AX LB1 Id Comma fml Comma Id RB1 .  (116)

	.  reduce 116


state 343
	fml : EX LB1 Id Comma fml Comma Id RB1 .  (117)

	.  reduce 117


state 344
	fml : AF LB1 Id Comma fml Comma Id RB1 .  (118)

	.  reduce 118


state 345
	fml : EG LB1 Id Comma fml Comma Id RB1 .  (119)

	.  reduce 119


state 346
	fml : AR LB1 Id Comma Id Comma fml Comma . fml Comma Id RB1  (120)

	Top  shift 158
	Bottom  shift 159
	AX  shift 160
	EX  shift 161
	AF  shift 162
	EG  shift 163
	AR  shift 164
	EU  shift 165
	Neg  shift 166
	LB1  shift 167
	Id  shift 214
	.  error

	fml  goto 350


state 347
	fml : EU LB1 Id Comma Id Comma fml Comma . fml Comma Id RB1  (121)

	Top  shift 158
	Bottom  shift 159
	AX  shift 160
	EX  shift 161
	AF  shift 162
	EG  shift 163
	AR  shift 164
	EU  shift 165
	Neg  shift 166
	LB1  shift 167
	Id  shift 214
	.  error

	fml  goto 351


state 348
	dnested_var : Id LB2 dexp RB2 . Dot Id  (48)
	dnested_var : Id LB2 dexp RB2 . Dot Id LB2 dexp RB2  (50)
	dnested_var : Id LB2 dexp RB2 Dot Id LB2 dexp RB2 .  (50)
	dnested_var : Id LB2 dexp RB2 . Dot dnested_var  (52)

	Dot  shift 297
	Semicolon  reduce 50
	RB1  reduce 50
	RB2  reduce 50
	Equal  reduce 50
	Add  reduce 50
	Minus  reduce 50
	Mult  reduce 50
	Ando  reduce 50
	Oro  reduce 50
	Non_equal  reduce 50
	Mod  reduce 50
	LT  reduce 50
	GT  reduce 50
	LE  reduce 50
	GE  reduce 50


state 349
	rests : Id LB2 exp RB2 Assigno exp Semicolon rests .  (95)

	.  reduce 95


state 350
	fml : fml . And fml  (114)
	fml : fml . Or fml  (115)
	fml : AR LB1 Id Comma Id Comma fml Comma fml . Comma Id RB1  (120)

	Comma  shift 352
	And  shift 220
	Or  shift 221
	.  error


state 351
	fml : fml . And fml  (114)
	fml : fml . Or fml  (115)
	fml : EU LB1 Id Comma Id Comma fml Comma fml . Comma Id RB1  (121)

	Comma  shift 353
	And  shift 220
	Or  shift 221
	.  error


state 352
	fml : AR LB1 Id Comma Id Comma fml Comma fml Comma . Id RB1  (120)

	Id  shift 354
	.  error


state 353
	fml : EU LB1 Id Comma Id Comma fml Comma fml Comma . Id RB1  (121)

	Id  shift 355
	.  error


state 354
	fml : AR LB1 Id Comma Id Comma fml Comma fml Comma Id . RB1  (120)

	RB1  shift 356
	.  error


state 355
	fml : EU LB1 Id Comma Id Comma fml Comma fml Comma Id . RB1  (121)

	RB1  shift 357
	.  error


state 356
	fml : AR LB1 Id Comma Id Comma fml Comma fml Comma Id RB1 .  (120)

	.  reduce 120


state 357
	fml : EU LB1 Id Comma Id Comma fml Comma fml Comma Id RB1 .  (121)

	.  reduce 121


State 178 contains 1 shift/reduce conflict.
State 199 contains 1 shift/reduce conflict.
State 263 contains 1 shift/reduce conflict.


55 terminals, 31 nonterminals
127 grammar rules, 358 states
